\BOOKMARK [1][-]{section.0.1}{\376\377\000C\000o\000m\000m\000o\000n\000\040\000i\000n\000t\000e\000g\000r\000a\000l\000s}{}% 1
\BOOKMARK [1][-]{section.0.2}{\376\377\000C\000o\000m\000m\000o\000n\000\040\000F\000o\000u\000r\000i\000e\000r\000\040\000i\000n\000t\000e\000g\000r\000a\000l\000s}{}% 2
\BOOKMARK [1][-]{section.0.3}{\376\377\000R\000e\000s\000i\000d\000u\000e\000\040\000t\000h\000e\000o\000r\000e\000m}{}% 3
\BOOKMARK [1][-]{section.0.4}{\376\377\000C\000o\000m\000m\000o\000n\000\040\000c\000o\000n\000t\000o\000u\000r\000\040\000i\000n\000t\000e\000g\000r\000a\000l\000s}{}% 4
\BOOKMARK [1][-]{section.0.5}{\376\377\000F\000e\000y\000n\000m\000a\000n\000\040\000i\000n\000t\000e\000g\000r\000a\000l\000\040\000t\000r\000i\000c\000k\000s}{}% 5
\BOOKMARK [2][-]{subsection.0.5.1}{\376\377\000F\000i\000r\000s\000t\000\040\000e\000x\000a\000m\000p\000l\000e}{section.0.5}% 6
\BOOKMARK [2][-]{subsection.0.5.2}{\376\377\000S\000e\000c\000o\000n\000d\000\040\000e\000x\000a\000m\000p\000l\000e}{section.0.5}% 7
\BOOKMARK [1][-]{section.0.6}{\376\377\000F\000o\000u\000r\000i\000e\000r\000\040\000t\000r\000a\000n\000s\000f\000o\000r\000m\000a\000t\000i\000o\000n}{}% 8
\BOOKMARK [1][-]{section.0.7}{\376\377\000L\000a\000p\000l\000a\000c\000e\000\040\000t\000r\000a\000n\000s\000f\000o\000r\000m\000a\000t\000i\000o\000n}{}% 9
\BOOKMARK [1][-]{section.0.8}{\376\377\000D\000e\000l\000t\000a\000\040\000d\000i\000s\000t\000r\000i\000b\000u\000t\000i\000o\000n}{}% 10
\BOOKMARK [1][-]{section.0.9}{\376\377\000B\000e\000s\000s\000e\000l\000\040\000f\000u\000n\000c\000t\000i\000o\000n\000s}{}% 11
\BOOKMARK [1][-]{section.0.10}{\376\377\000T\000E\000X\000T\000\040\000f\000u\000n\000c\000t\000i\000o\000n}{}% 12
\BOOKMARK [1][-]{section.0.11}{\376\377\000T\000E\000X\000T\000-\000d\000i\000m\000e\000n\000s\000i\000o\000n\000a\000l\000\040\000u\000n\000i\000t\000\040\000s\000p\000h\000e\000r\000e\000s}{}% 13
\BOOKMARK [1][-]{section.0.12}{\376\377\000V\000e\000c\000t\000o\000r\000\040\000A\000n\000a\000l\000y\000s\000i\000s}{}% 14
\BOOKMARK [1][-]{section.0.13}{\376\377\000L\000a\000p\000l\000a\000c\000e\000\040\000o\000p\000e\000r\000a\000t\000o\000r}{}% 15
\BOOKMARK [1][-]{section.0.14}{\376\377\000O\000D\000E\000\040\000s\000o\000l\000v\000i\000n\000g\000\040\000s\000t\000r\000a\000t\000e\000g\000i\000e\000s}{}% 16
\BOOKMARK [2][-]{subsection.0.14.1}{\376\377\000S\000p\000e\000c\000i\000a\000l\000\040\000O\000D\000E\000s}{section.0.14}% 17
\BOOKMARK [2][-]{subsection.0.14.2}{\376\377\0001\000s\000t\000\040\000o\000r\000d\000e\000r\000\040\000O\000D\000E}{section.0.14}% 18
\BOOKMARK [2][-]{subsection.0.14.3}{\376\377\0002\000n\000d\000\040\000o\000r\000d\000e\000r\000\040\000O\000D\000E}{section.0.14}% 19
\BOOKMARK [2][-]{subsection.0.14.4}{\376\377\000n\000-\000t\000h\000\040\000o\000r\000d\000e\000r\000\040\000O\000D\000E}{section.0.14}% 20
\BOOKMARK [1][-]{section.0.15}{\376\377\000G\000r\000e\000e\000n\000f\000u\000n\000c\000t\000i\000o\000n\000s\000\040\000a\000n\000d\000\040\000O\000D\000E\000s}{}% 21
\BOOKMARK [2][-]{subsection.0.15.1}{\376\377\000H\000a\000r\000m\000o\000n\000i\000c\000\040\000O\000s\000c\000i\000l\000l\000a\000t\000o\000r}{section.0.15}% 22
\BOOKMARK [1][-]{section.0.16}{\376\377\000P\000D\000E\000s}{}% 23
\BOOKMARK [2][-]{subsection.0.16.1}{\376\377\000T\000r\000a\000n\000s\000p\000o\000r\000t\000\040\000e\000q\000u\000a\000t\000i\000o\000n\000\040\000u\000t\000+\000c\000u\000x\000=\0000}{section.0.16}% 24
\BOOKMARK [2][-]{subsection.0.16.2}{\376\377\000T\000r\000a\000n\000s\000p\000o\000r\000t\000\040\000e\000q\000u\000a\000t\000i\000o\000n\000\040\000u\000t\000+\000c\000u\000x\000=\000g\000\050\000t\000\051}{section.0.16}% 25
\BOOKMARK [2][-]{subsection.0.16.3}{\376\377\000T\000r\000a\000n\000s\000p\000o\000r\000t\000\040\000e\000q\000u\000a\000t\000i\000o\000n\000\040\000u\000t\000+\000c\000u\000x\000=\000g\000\050\000x\000,\000t\000\051}{section.0.16}% 26
\BOOKMARK [1][-]{section.0.17}{\376\377\000G\000r\000e\000e\000n\000f\000u\000n\000c\000t\000i\000o\000n\000s\000\040\000a\000n\000d\000\040\000P\000D\000E\000s}{}% 27
\BOOKMARK [2][-]{subsection.0.17.1}{\376\377\000P\000o\000i\000s\000s\000o\000n\000\040\000e\000q\000u\000a\000t\000i\000o\000n\000\040\000T\000E\000X\000T}{section.0.17}% 28
\BOOKMARK [2][-]{subsection.0.17.2}{\376\377\000W\000a\000v\000e\000\040\000e\000q\000u\000a\000t\000i\000o\000n\000\040\000T\000E\000X\000T}{section.0.17}% 29
\BOOKMARK [2][-]{subsection.0.17.3}{\376\377\000K\000l\000e\000i\000n\000-\000G\000o\000r\000d\000o\000n\000\040\000e\000q\000u\000a\000t\000i\000o\000n\000\040\000T\000E\000X\000T}{section.0.17}% 30
\BOOKMARK [2][-]{subsection.0.17.4}{\376\377\000H\000e\000l\000m\000h\000o\000l\000t\000z\000\040\000e\000q\000u\000a\000t\000i\000o\000n\000\040\000T\000E\000X\000T}{section.0.17}% 31
\BOOKMARK [2][-]{subsection.0.17.5}{\376\377\000F\000e\000y\000n\000m\000a\000n\000\040\000p\000r\000o\000p\000a\000g\000a\000t\000o\000r\000\040\000T\000E\000X\000T}{section.0.17}% 32
\BOOKMARK [2][-]{subsection.0.17.6}{\376\377\000H\000e\000a\000t\000\040\000e\000q\000u\000a\000t\000i\000o\000n\000\040\000T\000E\000X\000T}{section.0.17}% 33
\BOOKMARK [2][-]{subsection.0.17.7}{\376\377\000R\000e\000l\000a\000t\000i\000v\000i\000s\000t\000i\000c\000\040\000H\000e\000a\000t\000\040\000e\000q\000u\000a\000t\000i\000o\000n\000\040\000T\000E\000X\000T}{section.0.17}% 34
\BOOKMARK [2][-]{subsection.0.17.8}{\376\377\000S\000i\000n\000e\000-\000G\000o\000r\000d\000o\000n\000\040\000e\000q\000u\000a\000t\000i\000o\000n\000\040\000e\000q\000u\000a\000t\000i\000o\000n\000\040\000T\000E\000X\000T}{section.0.17}% 35
\BOOKMARK [2][-]{subsection.0.17.9}{\376\377\000K\000o\000r\000t\000e\000g\000w\000e\000g\000-\000D\000e\000\040\000V\000r\000i\000e\000s\000\040\000e\000q\000u\000a\000t\000i\000o\000n\000\040\000e\000q\000u\000a\000t\000i\000o\000n\000\040\000T\000E\000X\000T}{section.0.17}% 36
\BOOKMARK [1][-]{section.0.18}{\376\377\000P\000e\000r\000t\000u\000r\000b\000a\000t\000i\000o\000n\000\040\000a\000n\000d\000\040\000d\000i\000v\000e\000r\000g\000e\000n\000t\000\040\000s\000e\000r\000i\000e\000s}{}% 37
\BOOKMARK [2][-]{subsection.0.18.1}{\376\377\000S\000h\000a\000n\000k\000s\000\040\000t\000r\000a\000n\000s\000f\000o\000r\000m\000\040\000\050\000c\000o\000n\000v\000e\000r\000g\000e\000n\000c\000e\000\040\000a\000c\000c\000e\000l\000e\000r\000a\000t\000o\000r\000s\000\051}{section.0.18}% 38
\BOOKMARK [2][-]{subsection.0.18.2}{\376\377\000R\000i\000c\000h\000a\000r\000d\000s\000o\000n\000\040\000e\000x\000t\000r\000a\000p\000o\000l\000a\000t\000i\000o\000n\000s\000\040\000\050\000c\000o\000n\000v\000e\000r\000g\000e\000n\000c\000e\000\040\000a\000c\000c\000e\000l\000e\000r\000a\000t\000o\000r\000s\000\051}{section.0.18}% 39
\BOOKMARK [1][-]{section.0.19}{\376\377\000P\000r\000o\000b\000a\000b\000i\000l\000i\000t\000y}{}% 40
\BOOKMARK [1][-]{section.0.20}{\376\377\000M\000a\000t\000r\000i\000c\000e\000s}{}% 41
\BOOKMARK [1][-]{section.0.21}{\376\377\000M\000a\000t\000r\000i\000x\000\040\000e\000x\000p\000o\000n\000e\000n\000t\000i\000a\000l\000s}{}% 42
\BOOKMARK [1][-]{section.0.22}{\376\377\000D\000i\000a\000g\000o\000n\000a\000l\000i\000z\000a\000t\000i\000o\000n}{}% 43
\BOOKMARK [1][-]{section.0.23}{\376\377\000F\000u\000n\000c\000t\000i\000o\000n\000a\000l\000\040\000d\000e\000r\000i\000v\000a\000t\000i\000v\000e\000s}{}% 44
\BOOKMARK [1][-]{section.0.24}{\376\377\000C\000o\000m\000p\000l\000e\000x\000\040\000C\000a\000l\000c\000u\000l\000u\000s}{}% 45
\BOOKMARK [1][-]{section.0.25}{\376\377\000S\000p\000a\000c\000e\000\040\000h\000i\000e\000r\000a\000r\000c\000h\000y}{}% 46
\BOOKMARK [1][-]{section.0.26}{\376\377\000T\000e\000n\000s\000o\000r\000s}{}% 47
\BOOKMARK [1][-]{section.0.27}{\376\377\000T\000e\000n\000s\000o\000r\000s\000\040\000I\000n\000d\000e\000x\000\040\000r\000u\000l\000e\000s}{}% 48
\BOOKMARK [1][-]{section.0.28}{\376\377\000T\000e\000n\000s\000o\000r\000p\000r\000o\000d\000u\000c\000t}{}% 49
\BOOKMARK [1][-]{section.0.29}{\376\377\000P\000a\000u\000l\000i\000\040\000M\000a\000t\000r\000i\000c\000e\000s}{}% 50
\BOOKMARK [1][-]{section.0.30}{\376\377\000D\000i\000v\000i\000s\000i\000o\000n\000\040\000A\000l\000g\000e\000b\000r\000a\000s}{}% 51
\BOOKMARK [1][-]{section.0.31}{\376\377\000C\000l\000i\000f\000f\000o\000r\000d\000\040\000A\000l\000g\000e\000b\000r\000a\000s}{}% 52
\BOOKMARK [1][-]{section.0.32}{\376\377\000S\000p\000i\000n\000o\000r\000s}{}% 53
