\BOOKMARK [1][-]{section.0.1}{\376\377\000R\000H}{}% 1
\BOOKMARK [1][-]{section.0.2}{\376\377\000L\000i\000n\000e\000a\000r\000\040\000a\000l\000g\000e\000b\000r\000a}{}% 2
\BOOKMARK [2][-]{subsection.0.2.0}{\376\377\000B\000a\000s\000i\000c\000\040\000C\000o\000n\000c\000e\000p\000t\000s}{section.0.2}% 3
\BOOKMARK [2][-]{subsection.0.2.1}{\376\377\000V\000e\000c\000t\000o\000r\000\040\000S\000p\000a\000c\000e\000s}{section.0.2}% 4
\BOOKMARK [1][-]{section.0.3}{\376\377\000C\000l\000a\000s\000s\000i\000c\000a\000l\000\040\000M\000e\000c\000h\000a\000n\000i\000c\000s}{}% 5
\BOOKMARK [2][-]{subsection.0.3.1}{\376\377\000L\000a\000g\000r\000a\000n\000g\000i\000a\000n\000\040\000M\000e\000c\000h\000a\000n\000i\000c\000s}{section.0.3}% 6
\BOOKMARK [1][-]{section.0.4}{\376\377\000C\000l\000a\000s\000s\000i\000c\000a\000l\000\040\000F\000i\000e\000l\000d\000\040\000T\000h\000e\000o\000r\000y}{}% 7
\BOOKMARK [2][-]{subsection.0.4.1}{\376\377\000L\000a\000g\000r\000a\000n\000g\000i\000a\000n\000\040\000L\000o\000o\000k\000u\000p\000\040\000T\000a\000b\000l\000e}{section.0.4}% 8
\BOOKMARK [1][-]{section.0.5}{\376\377\000C\000l\000a\000s\000s\000i\000c\000a\000l\000\040\000E\000l\000e\000c\000t\000r\000o\000d\000y\000n\000a\000m\000i\000c\000s}{}% 9
\BOOKMARK [2][-]{subsection.0.5.1}{\376\377\000M\000u\000l\000t\000i\000p\000o\000l\000e\000\040\000e\000x\000p\000a\000n\000s\000i\000o\000n}{section.0.5}% 10
\BOOKMARK [2][-]{subsection.0.5.2}{\376\377\000R\000a\000d\000i\000a\000t\000i\000o\000n}{section.0.5}% 11
\BOOKMARK [2][-]{subsection.0.5.3}{\376\377\000M\000u\000l\000t\000i\000p\000o\000l\000e\000\040\000R\000a\000d\000i\000a\000t\000i\000o\000n}{section.0.5}% 12
\BOOKMARK [1][-]{section.0.6}{\376\377\000L\000i\000g\000h\000t\000\040\000S\000c\000a\000t\000t\000e\000r\000i\000n\000g}{}% 13
\BOOKMARK [1][-]{section.0.7}{\376\377\000Q\000u\000a\000n\000t\000u\000m\000\040\000M\000e\000c\000h\000a\000n\000i\000c\000s}{}% 14
\BOOKMARK [2][-]{subsection.0.7.1}{\376\377\000M\000a\000t\000h\000e\000m\000a\000t\000i\000c\000a\000l}{section.0.7}% 15
\BOOKMARK [2][-]{subsection.0.7.2}{\376\377\000P\000i\000c\000t\000u\000r\000e\000s}{section.0.7}% 16
\BOOKMARK [2][-]{subsection.0.7.3}{\376\377\0003\000D\000\040\000S\000p\000h\000e\000r\000i\000c\000a\000l\000\040\000w\000e\000l\000l}{section.0.7}% 17
\BOOKMARK [1][-]{section.0.8}{\376\377\000Q\000u\000a\000n\000t\000u\000m\000\040\000s\000t\000a\000t\000i\000s\000t\000i\000c\000s}{}% 18
\BOOKMARK [2][-]{subsection.0.8.1}{\376\377\000M\000i\000c\000r\000o\000c\000a\000n\000o\000n\000i\000c\000a\000l\000\040\000e\000n\000s\000e\000m\000b\000l\000e}{section.0.8}% 19
\BOOKMARK [2][-]{subsection.0.8.2}{\376\377\000C\000a\000n\000o\000n\000i\000c\000a\000l\000\040\000e\000n\000s\000e\000m\000b\000l\000e}{section.0.8}% 20
\BOOKMARK [2][-]{subsection.0.8.3}{\376\377\000G\000r\000e\000a\000t\000\040\000c\000a\000n\000o\000n\000i\000c\000a\000l\000\040\000e\000n\000s\000e\000m\000b\000l\000e}{section.0.8}% 21
\BOOKMARK [2][-]{subsection.0.8.4}{\376\377\000D\000e\000n\000s\000i\000t\000y\000\040\000m\000a\000t\000r\000i\000x\000\040\000-\000\040\000s\000t\000a\000t\000i\000s\000t\000i\000c\000a\000l\000\040\000o\000p\000e\000r\000a\000t\000o\000r}{section.0.8}% 22
\BOOKMARK [2][-]{subsection.0.8.5}{\376\377\000C\000a\000n\000o\000n\000i\000c\000a\000l\000\040\000e\000n\000s\000e\000m\000b\000l\000e}{section.0.8}% 23
\BOOKMARK [2][-]{subsection.0.8.6}{\376\377\000G\000r\000e\000a\000t\000\040\000C\000a\000n\000o\000n\000i\000c\000a\000l\000\040\000e\000n\000s\000e\000m\000b\000l\000e}{section.0.8}% 24
\BOOKMARK [1][-]{section.0.9}{\376\377\000S\000p\000e\000c\000i\000a\000l\000\040\000r\000e\000l\000a\000t\000i\000v\000i\000t\000y}{}% 25
\BOOKMARK [2][-]{subsection.0.9.1}{\376\377\000D\000e\000f\000i\000n\000i\000t\000i\000o\000n\000\040\0004\000-\000v\000e\000l\000o\000c\000i\000t\000y}{section.0.9}% 26
\BOOKMARK [2][-]{subsection.0.9.2}{\376\377\000D\000e\000f\000i\000n\000i\000t\000i\000o\000n\000\040\0004\000-\000m\000o\000m\000e\000n\000t\000u\000m}{section.0.9}% 27
\BOOKMARK [2][-]{subsection.0.9.3}{\376\377\000D\000e\000f\000i\000n\000i\000t\000i\000o\000n\000\040\0004\000-\000a\000c\000c\000e\000l\000e\000r\000a\000t\000i\000o\000n}{section.0.9}% 28
\BOOKMARK [1][-]{section.0.10}{\376\377\000H\000y\000d\000r\000o\000d\000y\000n\000a\000m\000i\000c\000s}{}% 29
\BOOKMARK [1][-]{section.0.11}{\376\377\000N\000o\000n\000r\000e\000l\000a\000t\000i\000v\000i\000s\000t\000i\000v\000\040\000M\000a\000g\000n\000e\000t\000o\000h\000y\000d\000r\000o\000d\000y\000n\000a\000m\000i\000c\000s}{}% 30
\BOOKMARK [1][-]{section.0.12}{\376\377\000P\000e\000r\000t\000u\000r\000b\000a\000t\000i\000o\000n\000\040\000t\000h\000e\000o\000r\000y}{}% 31
\BOOKMARK [2][-]{subsection.0.12.1}{\376\377\000S\000e\000r\000i\000e\000s\000\040\000s\000u\000m\000m\000a\000t\000i\000o\000n}{section.0.12}% 32
