\BOOKMARK [2][-]{subsection.0.0.1}{\376\377\000D\000e\000f\000i\000n\000i\000t\000i\000o\000n\000s}{}% 1
\BOOKMARK [2][-]{subsection.0.0.2}{\376\377\000R\000e\000p\000r\000e\000s\000e\000n\000t\000a\000t\000i\000o\000n\000\040\000f\000a\000c\000t\000s\000\040\000y\000o\000u\000\040\000s\000h\000o\000u\000l\000d\000\040\000k\000n\000o\000w\000\040\000a\000s\000\040\000a\000\040\000p\000h\000y\000s\000i\000c\000i\000s\000t}{}% 2
\BOOKMARK [2][-]{subsection.0.0.3}{\376\377\000S\000U\000\050\0002\000\051\000\040\000a\000n\000d\000\040\000Q\000u\000a\000n\000t\000u\000m\000\040\000m\000e\000c\000h\000a\000n\000i\000c\000s\000\040\000o\000f\000\040\000s\000p\000i\000n\000\040\0001\000/\0002}{}% 3
\BOOKMARK [2][-]{subsection.0.0.4}{\376\377\000S\000U\000\050\0002\000\051\000\040\000a\000n\000d\000\040\000u\000p\000\040\000t\000o\000\040\000S\000O\000\050\0003\000\051\000\040\000a\000n\000d\000\040\000S\000L\000\050\0002\000,\000C\000\051}{}% 4
\BOOKMARK [2][-]{subsection.0.0.5}{\376\377\000O\000v\000e\000r\000v\000i\000e\000w}{}% 5
\BOOKMARK [2][-]{subsection.0.0.6}{\376\377\000P\000a\000u\000l\000i\000\040\000m\000a\000t\000r\000i\000c\000e\000s}{}% 6
\BOOKMARK [2][-]{subsection.0.0.7}{\376\377\000G\000r\000a\000s\000s\000m\000a\000n\000n\000\040\000\050\000e\000x\000t\000e\000r\000i\000o\000r\000\051\000\040\000a\000l\000g\000e\000b\000r\000a\000s}{}% 7
\BOOKMARK [2][-]{subsection.0.0.8}{\376\377\000T\000e\000n\000s\000o\000r\000\040\000a\000l\000g\000e\000b\000r\000a}{}% 8
\BOOKMARK [2][-]{subsection.0.0.9}{\376\377\000C\000l\000i\000f\000f\000o\000r\000d\000\040\000a\000l\000g\000e\000b\000r\000a\000s}{}% 9
\BOOKMARK [2][-]{subsection.0.0.10}{\376\377\000P\000r\000e\000l\000i\000m\000i\000n\000a\000r\000y\000\040\000o\000b\000s\000e\000r\000v\000a\000t\000i\000o\000n\000s}{}% 10
\BOOKMARK [2][-]{subsection.0.0.11}{\376\377\000S\000O\000\050\0002\000\051}{}% 11
\BOOKMARK [2][-]{subsection.0.0.12}{\376\377\000S\000O\000\050\0003\000\051\000\040\000-\000\040\000W\000h\000a\000t\000\040\000w\000e\000\040\000k\000n\000o\000w\000\040\000f\000r\000o\000m\000\040\000q\000u\000a\000n\000t\000u\000m\000\040\000m\000e\000c\000h\000a\000n\000i\000c\000s}{}% 12
\BOOKMARK [2][-]{subsection.0.0.13}{\376\377\000S\000O\000\050\0003\000\051}{}% 13
\BOOKMARK [2][-]{subsection.0.0.14}{\376\377\000S\000U\000\050\0002\000\051}{}% 14
\BOOKMARK [2][-]{subsection.0.0.15}{\376\377\000S\000O\000+\000\050\0001\000,\0003\000\051\000\040\000-\000\040\000L\000o\000r\000e\000n\000t\000z\000\040\000g\000r\000o\000u\000p\000\040}{}% 15
\BOOKMARK [2][-]{subsection.0.0.16}{\376\377\000S\000L\000\050\0002\000,\000C\000\051}{}% 16
\BOOKMARK [2][-]{subsection.0.0.17}{\376\377\000R\0001\000,\0003\000O\000\050\0001\000,\0003\000\051\000\040\000-\000\040\000P\000o\000i\000n\000c\000a\000r\000e\000\040\000g\000r\000o\000u\000p}{}% 17
\BOOKMARK [2][-]{subsection.0.0.18}{\376\377\000S\000p\000i\000n\000\050\000N\000\051}{}% 18
\BOOKMARK [2][-]{subsection.0.0.19}{\376\377\000A\000l\000g\000e\000b\000r\000a\000\040\000o\000f\000\040\000p\000h\000y\000s\000i\000c\000a\000l\000\040\000s\000p\000a\000c\000e\000\040\000\050\000P\000a\000u\000l\000i\000\040\000a\000l\000g\000e\000b\000r\000a\000\051\000\040\000C\000l\000\050\0000\000,\0003\000\051}{}% 19
\BOOKMARK [2][-]{subsection.0.0.20}{\376\377\000S\000p\000a\000c\000e\000t\000i\000m\000e\000\040\000a\000l\000g\000e\000b\000r\000a\000\040\000C\000l\000\050\0003\000,\0001\000\051}{}% 20
\BOOKMARK [2][-]{subsection.0.0.21}{\376\377\000D\000i\000r\000a\000c\000-\000C\000l\000i\000f\000f\000o\000r\000d\000\040\000a\000l\000g\000e\000b\000r\000a\000\040\000C\000C\000l\000\050\0003\000,\0001\000\051}{}% 21
\BOOKMARK [2][-]{subsection.0.0.22}{\376\377\000S\000U\000\050\0003\000\051}{}% 22
\BOOKMARK [2][-]{subsection.0.0.23}{\376\377\000L\000o\000r\000e\000n\000t\000z\000\040\000g\000r\000o\000u\000p\000\040\000O\000\050\0001\000,\0003\000\051}{}% 23
