\BOOKMARK [1][-]{section.0.1}{\376\377\000A\000n\000d\000r\000e\000w\000s\000\040\000-\000\040\000N\000u\000m\000b\000e\000r\000\040\000t\000h\000e\000o\000r\000y}{}% 1
\BOOKMARK [2][-]{subsection.0.1.1}{\376\377\000P\000r\000o\000b\000l\000e\000m\000\040\0001\000.\0001}{section.0.1}% 2
\BOOKMARK [1][-]{section.0.2}{\376\377\000M\000o\000r\000r\000i\000s\000\040\000-\000\040\000G\000e\000o\000r\000g\000i\000\040\000-\000\040\000L\000i\000e\000\040\000A\000l\000g\000e\000b\000r\000a\000s\000\040\000i\000n\000\040\000P\000a\000r\000t\000i\000c\000l\000e\000\040\000P\000h\000y\000s\000i\000c\000s\000\040\0002\000n\000d\000\040\000e\000d\000.}{}% 3
\BOOKMARK [2][-]{subsection.0.2.1}{\376\377\000P\000r\000o\000b\000l\000e\000m\000\040\0001\000.\000A}{section.0.2}% 4
\BOOKMARK [1][-]{section.0.3}{\376\377\000M\000o\000r\000r\000i\000s\000\040\000-\000\040\000T\000o\000p\000o\000l\000o\000g\000y\000\040\000w\000i\000t\000h\000o\000u\000t\000\040\000t\000e\000a\000r\000s}{}% 5
\BOOKMARK [2][-]{subsection.0.3.1}{\376\377\000P\000r\000o\000b\000l\000e\000m\000\040\0001\000.\0001\000.\0007}{section.0.3}% 6
\BOOKMARK [1][-]{section.0.4}{\376\377\000B\000a\000r\000t\000o\000n\000\040\000-\000\040\000E\000l\000e\000m\000e\000n\000t\000s\000\040\000o\000f\000\040\000G\000r\000e\000e\000n\000s\000\040\000f\000u\000n\000c\000t\000i\000o\000n\000s\000\040\000a\000n\000d\000\040\000p\000r\000o\000p\000a\000g\000a\000t\000i\000o\000n}{}% 7
\BOOKMARK [2][-]{subsection.0.4.1}{\376\377\000P\000r\000o\000b\000l\000e\000m\000\040\0001\000.\0001\000\040\000-\000\040\000D\000e\000l\000t\000a\000\040\000f\000u\000n\000c\000t\000i\000o\000n}{section.0.4}% 8
\BOOKMARK [2][-]{subsection.0.4.2}{\376\377\000P\000r\000o\000b\000l\000e\000m\000\040\0001\000.\0003\000\040\000-\000\040\000D\000e\000l\000t\000a\000\040\000f\000u\000n\000c\000t\000i\000o\000n}{section.0.4}% 9
\BOOKMARK [1][-]{section.0.5}{\376\377\000W\000y\000l\000d\000\040\000-\000\040\000M\000a\000t\000h\000e\000m\000a\000t\000i\000c\000a\000l\000\040\000m\000e\000t\000h\000o\000d\000s\000\040\000f\000o\000r\000\040\000p\000h\000y\000s\000i\000c\000s}{}% 10
\BOOKMARK [2][-]{subsection.0.5.1}{\376\377\000P\000r\000o\000b\000l\000e\000m\000\040\0001\0000\000.\0002\000\040\000-\000\040\000B\000e\000r\000n\000o\000u\000l\000l\000i\000\040\000n\000u\000m\000b\000e\000r\000s}{section.0.5}% 11
\BOOKMARK [2][-]{subsection.0.5.2}{\376\377\000P\000r\000o\000b\000l\000e\000m\000\040\0001\0001\000.\0001\000\040\000-\000\040\000I\000n\000t\000e\000g\000r\000a\000l\000\040\0000\000d\000x\000\040\000x\0002\000\050\000x\0002\000+\000a\0002\000\051\0002}{section.0.5}% 12
\BOOKMARK [2][-]{subsection.0.5.3}{\376\377\000P\000r\000o\000b\000l\000e\000m\000\040\0001\0001\000.\0002\000\040\000-\000\040\000I\000n\000t\000e\000g\000r\000a\000l\000\040\0000\000d\000x\000\040\0001\000x\0004\000+\0005\000x\0002\000+\0006}{section.0.5}% 13
\BOOKMARK [2][-]{subsection.0.5.4}{\376\377\000P\000r\000o\000b\000l\000e\000m\000\040\0001\0001\000.\0003\000\040\000-\000\040\000I\000n\000t\000e\000g\000r\000a\000l\000\040\0000\000d\000x\000\040\0001\000x\0004\000+\0001}{section.0.5}% 14
\BOOKMARK [2][-]{subsection.0.5.5}{\376\377\000P\000r\000o\000b\000l\000e\000m\000\040\0001\0001\000.\0004\000\040\000-\000\040\000I\000n\000t\000e\000g\000r\000a\000l\000\040\000d\0003\000k\000\040\000e\000i\000k\0002\000+\000a\0002}{section.0.5}% 15
\BOOKMARK [2][-]{subsection.0.5.6}{\376\377\000P\000r\000o\000b\000l\000e\000m\000\040\0001\0001\000.\0005\000\040\000-\000\040\000I\000n\000t\000e\000g\000r\000a\000l\000\040\000d\0003\000k\000\040\000e\000i\000k\0002\000-\000a\0002\000-\000i}{section.0.5}% 16
\BOOKMARK [1][-]{section.0.6}{\376\377\000S\000t\000o\000n\000e\000,\000\040\000G\000o\000l\000d\000b\000a\000r\000t\000\040\000-\000\040\000M\000a\000t\000h\000e\000m\000a\000t\000i\000c\000s\000\040\000f\000o\000r\000\040\000p\000h\000y\000s\000i\000c\000s\000:\000\040\000A\000\040\000g\000u\000i\000d\000e\000d\000\040\000t\000o\000u\000r\000\040\000f\000o\000r\000\040\000g\000r\000a\000d\000u\000a\000t\000e\000\040\000s\000t\000u\000d\000e\000n\000t\000s\000\040\000\050\0002\0000\0000\0009\000\051}{}% 17
\BOOKMARK [2][-]{subsection.0.6.1}{\376\377\000P\000r\000o\000b\000l\000e\000m\000\040\0001\000.\0001}{section.0.6}% 18
\BOOKMARK [1][-]{section.0.7}{\376\377\000B\000e\000n\000d\000e\000r\000,\000\040\000O\000r\000s\000z\000a\000g\000\040\000-\000\040\000A\000d\000v\000a\000n\000c\000e\000d\000\040\000M\000a\000t\000h\000e\000m\000a\000t\000i\000c\000a\000l\000\040\000M\000e\000t\000h\000o\000d\000s\000\040\000f\000o\000r\000\040\000S\000c\000i\000e\000n\000t\000i\000s\000t\000s\000\040\000a\000n\000d\000\040\000E\000n\000g\000i\000n\000e\000e\000r\000s}{}% 19
\BOOKMARK [2][-]{subsection.0.7.1}{\376\377\000P\000r\000o\000b\000l\000e\000m\000\040\0001\000.\0001}{section.0.7}% 20
\BOOKMARK [2][-]{subsection.0.7.2}{\376\377\000P\000r\000o\000b\000l\000e\000m\000\040\0001\000.\0002}{section.0.7}% 21
\BOOKMARK [2][-]{subsection.0.7.3}{\376\377\000P\000r\000o\000b\000l\000e\000m\000\040\0001\000.\0001\0000}{section.0.7}% 22
\BOOKMARK [2][-]{subsection.0.7.4}{\376\377\000P\000r\000o\000b\000l\000e\000m\000\040\0001\000.\0001\0001}{section.0.7}% 23
\BOOKMARK [2][-]{subsection.0.7.5}{\376\377\000P\000r\000o\000b\000l\000e\000m\000\040\0001\000.\0002\0003}{section.0.7}% 24
\BOOKMARK [2][-]{subsection.0.7.6}{\376\377\000P\000r\000o\000b\000l\000e\000m\000\040\0001\000.\0003\0001}{section.0.7}% 25
\BOOKMARK [2][-]{subsection.0.7.7}{\376\377\000P\000r\000o\000b\000l\000e\000m\000\040\0007\000.\0001}{section.0.7}% 26
\BOOKMARK [2][-]{subsection.0.7.8}{\376\377\000P\000r\000o\000b\000l\000e\000m\000\040\0007\000.\0003}{section.0.7}% 27
\BOOKMARK [1][-]{section.0.8}{\376\377\000A\000r\000f\000k\000e\000n\000,\000\040\000W\000e\000b\000e\000r\000\040\000-\000\040\000M\000a\000t\000h\000e\000m\000a\000t\000i\000c\000a\000l\000\040\000M\000e\000t\000h\000o\000d\000s\000\040\000f\000o\000r\000\040\000p\000h\000y\000s\000i\000c\000i\000s\000t\000s\000\040\0007\000t\000h\000\040\000e\000d}{}% 28
\BOOKMARK [2][-]{subsection.0.8.1}{\376\377\0006\000.\0005\000.\0001\0009}{section.0.8}% 29
\BOOKMARK [1][-]{section.0.9}{\376\377\000A\000r\000n\000o\000l\000'\000d\000\040\000-\000\040\000O\000r\000d\000i\000n\000a\000r\000y\000\040\000d\000i\000f\000f\000e\000r\000e\000n\000t\000i\000a\000l\000\040\000e\000q\000u\000a\000t\000i\000o\000n\000s}{}% 30
\BOOKMARK [2][-]{subsection.0.9.1}{\376\377\000S\000a\000m\000p\000l\000e\000\040\000E\000x\000a\000m\000i\000n\000a\000t\000i\000o\000n\000\040\000P\000r\000o\000b\000l\000e\000m\000\040\0002}{section.0.9}% 31
\BOOKMARK [1][-]{section.0.10}{\376\377\000A\000r\000n\000o\000l\000'\000d\000\040\000-\000\040\000A\000\040\000m\000a\000t\000h\000e\000m\000a\000t\000i\000c\000a\000l\000\040\000t\000r\000i\000v\000i\000u\000m}{}% 32
\BOOKMARK [2][-]{subsection.0.10.1}{\376\377\000P\000r\000o\000b\000l\000e\000m\000\040\0004}{section.0.10}% 33
\BOOKMARK [2][-]{subsection.0.10.2}{\376\377\000P\000r\000o\000b\000l\000e\000m\000\040\0001\0003}{section.0.10}% 34
\BOOKMARK [2][-]{subsection.0.10.3}{\376\377\000P\000r\000o\000b\000l\000e\000m\000\040\0002\0000}{section.0.10}% 35
\BOOKMARK [2][-]{subsection.0.10.4}{\376\377\000P\000r\000o\000b\000l\000e\000m\000\040\0002\0003}{section.0.10}% 36
\BOOKMARK [2][-]{subsection.0.10.5}{\376\377\000P\000r\000o\000b\000l\000e\000m\000\040\0005\0000}{section.0.10}% 37
\BOOKMARK [2][-]{subsection.0.10.6}{\376\377\000P\000r\000o\000b\000l\000e\000m\000\040\0008\0005}{section.0.10}% 38
\BOOKMARK [1][-]{section.0.11}{\376\377\000N\000e\000e\000d\000h\000a\000m\000\040\000-\000\040\000V\000i\000s\000u\000a\000l\000\040\000C\000o\000m\000p\000l\000e\000x\000\040\000A\000n\000a\000l\000y\000s\000i\000s}{}% 39
\BOOKMARK [2][-]{subsection.0.11.1}{\376\377\000E\000x\000e\000r\000c\000i\000s\000e\000\040\0001\000.\0007}{section.0.11}% 40
\BOOKMARK [2][-]{subsection.0.11.2}{\376\377\000E\000x\000e\000r\000c\000i\000s\000e\000\040\0001\000.\0003\0003}{section.0.11}% 41
\BOOKMARK [2][-]{subsection.0.11.3}{\376\377\000E\000x\000e\000r\000c\000i\000s\000e\000\040\0009\000.\0001}{section.0.11}% 42
\BOOKMARK [1][-]{section.0.12}{\376\377\000T\000a\000l\000l\000,\000\040\000S\000t\000e\000w\000a\000r\000d\000\040\000-\000\040\000C\000o\000m\000p\000l\000e\000x\000\040\000A\000n\000a\000l\000y\000s\000i\000s\000\040\0002\0000\0001\0008}{}% 43
\BOOKMARK [2][-]{subsection.0.12.1}{\376\377\000P\000r\000o\000b\000l\000e\000m\000\040\0001\0001\000.\0001\000\040\000-\000\040\000L\000a\000u\000r\000e\000n\000t\000\040\000e\000x\000p\000a\000n\000s\000i\000o\000n}{section.0.12}% 44
\BOOKMARK [1][-]{section.0.13}{\376\377\000A\000h\000l\000f\000o\000r\000s\000\040\000-\000\040\000C\000o\000m\000p\000l\000e\000x\000\040\000C\000a\000l\000c\000u\000l\000u\000s}{}% 45
\BOOKMARK [2][-]{subsection.0.13.1}{\376\377\000C\000h\000a\000p\000\040\0001\000.\0001}{section.0.13}% 46
\BOOKMARK [2][-]{subsection.0.13.2}{\376\377\000C\000h\000a\000p\000\040\0001\000.\0002}{section.0.13}% 47
\BOOKMARK [1][-]{section.0.14}{\376\377\000S\000t\000e\000i\000n\000,\000\040\000S\000h\000a\000k\000a\000r\000c\000h\000i\000\040\000-\000\040\000P\000r\000i\000n\000c\000e\000t\000o\000n\000\040\000L\000e\000c\000t\000u\000r\000e\000s\000\040\000i\000n\000\040\000A\000n\000a\000l\000y\000s\000i\000s\000\040\000-\000\040\000V\000o\000l\000\040\0001\000\040\000F\000o\000u\000r\000i\000e\000r\000-\000A\000n\000a\000l\000y\000s\000i\000s}{}% 48
\BOOKMARK [2][-]{subsection.0.14.1}{\376\377\000P\000r\000o\000b\000l\000e\000m\000\040\0001\000.\0001}{section.0.14}% 49
\BOOKMARK [1][-]{section.0.15}{\376\377\000S\000p\000i\000v\000a\000k\000\040\000-\000\040\000C\000a\000l\000c\000u\000l\000u\000s\000\040\000o\000n\000\040\000M\000a\000n\000i\000f\000o\000l\000d\000s}{}% 50
\BOOKMARK [1][-]{section.0.16}{\376\377\000O\000'\000N\000e\000i\000l\000l\000\040\000-\000\040\000E\000l\000e\000m\000e\000n\000t\000a\000r\000y\000\040\000D\000i\000f\000f\000e\000r\000e\000n\000t\000i\000a\000l\000\040\000G\000e\000o\000m\000e\000t\000r\000y}{}% 51
\BOOKMARK [2][-]{subsection.0.16.1}{\376\377\000P\000r\000o\000b\000l\000e\000m\000\040\0001\000.\0001\000\040\000-\000\040\0001}{section.0.16}% 52
\BOOKMARK [2][-]{subsection.0.16.2}{\376\377\000P\000r\000o\000b\000l\000e\000m\000\040\0001\000.\0001\000\040\000-\000\040\0002}{section.0.16}% 53
\BOOKMARK [2][-]{subsection.0.16.3}{\376\377\000P\000r\000o\000b\000l\000e\000m\000\040\0001\000.\0001\000\040\000-\000\040\0003}{section.0.16}% 54
\BOOKMARK [2][-]{subsection.0.16.4}{\376\377\000P\000r\000o\000b\000l\000e\000m\000\040\0001\000.\0001\000\040\000-\000\040\0004}{section.0.16}% 55
\BOOKMARK [1][-]{section.0.17}{\376\377\000B\000o\000o\000t\000h\000b\000y\000\040\000-\000\040\000A\000n\000\040\000I\000n\000t\000r\000o\000d\000u\000c\000t\000i\000o\000n\000\040\000t\000o\000\040\000D\000i\000f\000f\000e\000r\000e\000n\000t\000i\000a\000l\000\040\000M\000a\000n\000n\000i\000f\000o\000l\000d\000s\000\040\000a\000n\000d\000\040\000R\000i\000e\000m\000a\000n\000n\000i\000a\000n\000\040\000G\000e\000o\000m\000e\000t\000r\000y}{}% 56
\BOOKMARK [1][-]{section.0.18}{\376\377\000B\000u\000r\000k\000e\000\040\000-\000\040\000A\000p\000p\000l\000i\000e\000d\000\040\000D\000i\000f\000f\000e\000r\000e\000n\000t\000i\000a\000l\000\040\000G\000e\000o\000m\000e\000t\000r\000y}{}% 57
\BOOKMARK [1][-]{section.0.19}{\376\377\000O\000'\000N\000e\000i\000l\000l\000\040\000-\000\040\000S\000e\000m\000i\000-\000R\000i\000e\000m\000a\000n\000n\000i\000a\000n\000\040\000G\000e\000o\000m\000e\000t\000r\000y\000\040\000-\000\040\000W\000i\000t\000h\000\040\000A\000p\000p\000l\000i\000c\000a\000t\000i\000o\000n\000s\000\040\000t\000o\000\040\000R\000e\000l\000a\000t\000i\000v\000i\000t\000y}{}% 58
\BOOKMARK [1][-]{section.0.20}{\376\377\000H\000u\000b\000b\000e\000r\000t\000\040\000-\000\040\000V\000e\000c\000t\000o\000r\000\040\000C\000a\000l\000c\000u\000l\000u\000s\000,\000\040\000L\000i\000n\000e\000a\000r\000\040\000A\000l\000g\000e\000b\000r\000a\000,\000\040\000a\000n\000d\000\040\000D\000i\000f\000f\000e\000r\000e\000n\000t\000i\000a\000l\000\040\000F\000o\000r\000m\000s}{}% 59
\BOOKMARK [1][-]{section.0.21}{\376\377\000F\000l\000a\000n\000d\000e\000r\000s\000\040\000-\000\040\000D\000i\000f\000f\000e\000r\000e\000n\000t\000i\000a\000l\000\040\000F\000o\000r\000m\000s\000\040\000w\000i\000t\000h\000\040\000A\000p\000p\000l\000i\000c\000a\000t\000i\000o\000n\000s\000\040\000t\000o\000\040\000t\000h\000e\000\040\000P\000h\000y\000s\000i\000c\000a\000l\000\040\000S\000c\000i\000e\000n\000c\000e\000s}{}% 60
\BOOKMARK [1][-]{section.0.22}{\376\377\000M\000o\000r\000s\000e\000,\000\040\000F\000e\000s\000h\000b\000a\000c\000h\000\040\000-\000\040\000M\000e\000t\000h\000o\000d\000s\000\040\000o\000f\000\040\000m\000a\000t\000h\000e\000m\000a\000t\000i\000c\000a\000l\000\040\000p\000h\000y\000s\000i\000c\000s}{}% 61
\BOOKMARK [2][-]{subsection.0.22.1}{\376\377\000P\000r\000o\000b\000l\000e\000m\000\040\0001\000.\0001}{section.0.22}% 62
\BOOKMARK [2][-]{subsection.0.22.2}{\376\377\000P\000r\000o\000b\000l\000e\000m\000\040\0004\000.\0001\000\040\000-\000\040\000N\000O\000T\000\040\000D\000o\000N\000E\000\040\000y\000e\000t}{section.0.22}% 63
\BOOKMARK [2][-]{subsection.0.22.3}{\376\377\000P\000r\000o\000b\000l\000e\000m\000\040\0006\000.\0003\000\040\000-\000\040\000N\000O\000T\000\040\000D\000o\000N\000E\000\040\000y\000e\000t}{section.0.22}% 64
\BOOKMARK [1][-]{section.0.23}{\376\377\000W\000o\000i\000t\000\040\000-\000\040\000Q\000u\000a\000n\000t\000u\000m\000\040\000T\000h\000e\000o\000r\000y\000,\000\040\000G\000r\000o\000u\000p\000s\000\040\000a\000n\000d\000\040\000R\000e\000p\000r\000e\000s\000e\000n\000t\000a\000t\000i\000o\000n\000s}{}% 65
\BOOKMARK [2][-]{subsection.0.23.1}{\376\377\000P\000r\000o\000b\000l\000e\000m\000\040\000B\000.\0001\000-\0003}{section.0.23}% 66
\BOOKMARK [2][-]{subsection.0.23.2}{\376\377\000P\000r\000o\000b\000l\000e\000m\000\040\000B\000.\0001\000-\0004}{section.0.23}% 67
\BOOKMARK [2][-]{subsection.0.23.3}{\376\377\000P\000r\000o\000b\000l\000e\000m\000\040\000B\000.\0002\000-\0001}{section.0.23}% 68
\BOOKMARK [1][-]{section.0.24}{\376\377\000B\000a\000e\000z\000,\000\040\000M\000u\000n\000i\000a\000i\000n\000\040\000-\000\040\000G\000a\000u\000g\000e\000\040\000F\000i\000e\000l\000d\000s\000,\000\040\000K\000n\000o\000t\000s\000\040\000a\000n\000d\000\040\000G\000r\000a\000v\000i\000t\000y}{}% 69
\BOOKMARK [2][-]{subsection.0.24.1}{\376\377\000P\000r\000o\000b\000l\000e\000m\000\040\000I\000.\0001\000\040\000-\000\040\000P\000l\000a\000n\000e\000\040\000w\000a\000v\000e\000s\000\040\000i\000n\000\040\000v\000a\000c\000u\000u\000m}{section.0.24}% 70
\BOOKMARK [2][-]{subsection.0.24.2}{\376\377\000P\000r\000o\000b\000l\000e\000m\000\040\000I\000.\0007\000\040\000-\000\040\000A\000d\000d\000i\000n\000g\000\040\000a\000n\000d\000\040\000m\000u\000l\000t\000i\000p\000l\000y\000i\000n\000g\000\040\000v\000e\000c\000t\000o\000r\000\040\000f\000i\000e\000l\000d\000s}{section.0.24}% 71
\BOOKMARK [1][-]{section.0.25}{\376\377\000K\000r\000e\000y\000s\000z\000i\000g\000\040\000-\000\040\000I\000n\000t\000r\000o\000d\000u\000c\000t\000i\000o\000n\000\040\000t\000o\000\040\000f\000u\000n\000c\000t\000i\000o\000n\000a\000l\000\040\000a\000n\000a\000l\000y\000s\000i\000s}{}% 72
\BOOKMARK [2][-]{subsection.0.25.1}{\376\377\000P\000r\000o\000b\000l\000e\000m\000\040\0001\000.\0001\000\040\000P\000r\000o\000b\000l\000e\000m\000\040\0001}{section.0.25}% 73
\BOOKMARK [2][-]{subsection.0.25.2}{\376\377\000P\000r\000o\000b\000l\000e\000m\000\040\0001\0001\000.\0003\000\040\000P\000r\000o\000b\000l\000e\000m\000\040\0003}{section.0.25}% 74
\BOOKMARK [1][-]{section.0.26}{\376\377\000G\000a\000r\000r\000i\000t\000y\000\040\000e\000t\000\040\000a\000l\000.\000\040\000-\000\040\000A\000l\000g\000e\000b\000r\000a\000i\000c\000\040\000G\000e\000o\000m\000e\000t\000r\000y\000:\000\040\000A\000\040\000P\000r\000o\000b\000l\000e\000m\000\040\000S\000o\000l\000v\000i\000n\000g\000\040\000A\000p\000p\000r\000o\000a\000c\000h}{}% 75
\BOOKMARK [1][-]{section.0.27}{\376\377\000G\000a\000r\000r\000i\000t\000y\000,\000\040\000N\000e\000u\000m\000a\000n\000n\000-\000C\000h\000u\000n\000\040\000-\000\040\000E\000l\000e\000c\000t\000r\000i\000c\000i\000t\000y\000\040\000a\000n\000d\000\040\000m\000a\000g\000n\000e\000t\000i\000s\000m\000\040\000f\000o\000r\000\040\000m\000a\000t\000h\000e\000m\000a\000t\000i\000c\000i\000a\000n\000s\000\040\000-\000\040\000A\000\040\000g\000u\000i\000d\000e\000d\000\040\000p\000a\000t\000h\000\040\000f\000r\000o\000m\000\040\000M\000a\000x\000w\000e\000l\000l\000'\000s\000\040\000e\000q\000u\000a\000t\000i\000o\000n\000s\000\040\000t\000o\000\040\000Y\000a\000n\000g\000-\000M\000i\000l\000l\000s}{}% 76
\BOOKMARK [1][-]{section.0.28}{\376\377\000G\000u\000i\000d\000r\000y\000\040\000-\000\040\000S\000y\000m\000m\000e\000t\000r\000y\000,\000\040\000B\000r\000o\000k\000e\000n\000\040\000S\000y\000m\000m\000e\000t\000r\000y\000,\000\040\000a\000n\000d\000\040\000T\000o\000p\000o\000l\000o\000g\000y\000\040\000i\000n\000\040\000M\000o\000d\000e\000r\000n\000\040\000P\000h\000y\000s\000i\000c\000s}{}% 77
\BOOKMARK [2][-]{subsection.0.28.1}{\376\377\000P\000r\000o\000b\000l\000e\000m\000\040\0001\0005\000.\0001\000\040\000-\000\040\000P\000o\000i\000n\000c\000a\000r\000\351\000\040\000t\000r\000a\000n\000s\000f\000o\000r\000m\000a\000t\000i\000o\000n\000\040\000I}{section.0.28}% 78
\BOOKMARK [2][-]{subsection.0.28.2}{\376\377\000P\000r\000o\000b\000l\000e\000m\000\040\0001\0005\000.\0002\000\040\000-\000\040\000P\000o\000i\000n\000c\000a\000r\000\351\000\040\000t\000r\000a\000n\000s\000f\000o\000r\000m\000a\000t\000i\000o\000n\000\040\000I\000I}{section.0.28}% 79
\BOOKMARK [2][-]{subsection.0.28.3}{\376\377\000P\000r\000o\000b\000l\000e\000m\000\040\0001\0005\000.\0003\000\040\000-\000\040\000P\000o\000i\000n\000c\000a\000r\000\351\000\040\000t\000r\000a\000n\000s\000f\000o\000r\000m\000a\000t\000i\000o\000n\000\040\000I\000I\000I}{section.0.28}% 80
\BOOKMARK [1][-]{section.0.29}{\376\377\000B\000o\000l\000t\000y\000a\000n\000s\000k\000i\000i\000,\000\040\000E\000f\000r\000e\000m\000o\000v\000i\000c\000h\000\040\000-\000\040\000I\000n\000t\000u\000i\000t\000i\000v\000e\000\040\000C\000o\000m\000b\000i\000n\000a\000t\000o\000r\000i\000a\000l\000\040\000T\000o\000p\000o\000l\000o\000g\000y}{}% 81
\BOOKMARK [1][-]{section.0.30}{\376\377\000N\000a\000k\000a\000h\000a\000r\000a\000\040\000-\000\040\000G\000e\000o\000m\000e\000t\000r\000y\000,\000\040\000T\000o\000p\000o\000l\000o\000g\000y\000\040\000a\000n\000d\000\040\000P\000h\000y\000s\000i\000c\000s}{}% 82
\BOOKMARK [1][-]{section.0.31}{\376\377\000F\000r\000a\000n\000k\000e\000l\000\040\000-\000\040\000T\000h\000e\000\040\000G\000e\000o\000m\000e\000t\000r\000y\000\040\000o\000f\000\040\000P\000h\000y\000s\000i\000c\000s}{}% 83
\BOOKMARK [1][-]{section.0.32}{\376\377\000S\000e\000x\000l\000,\000\040\000U\000r\000b\000a\000n\000t\000k\000e\000\040\000-\000\040\000R\000e\000l\000a\000t\000i\000v\000i\000t\000y\000,\000\040\000G\000r\000o\000u\000p\000s\000,\000\040\000P\000a\000r\000t\000i\000c\000l\000e\000s}{}% 84
\BOOKMARK [1][-]{section.0.33}{\376\377\000S\000c\000h\000e\000r\000e\000r\000\040\000-\000\040\000S\000y\000m\000m\000e\000t\000r\000i\000e\000n\000\040\000u\000n\000d\000\040\000G\000r\000u\000p\000p\000e\000n\000\040\000i\000n\000\040\000d\000e\000r\000\040\000T\000e\000i\000l\000c\000h\000e\000n\000p\000h\000y\000s\000i\000k}{}% 85
\BOOKMARK [2][-]{subsection.0.33.1}{\376\377\000P\000r\000o\000b\000l\000e\000m\000\040\0003\000.\0001\0001\000\040\000-\000\040\000T\000a\000y\000l\000o\000r\000\040\000s\000e\000r\000i\000e\000s}{section.0.33}% 86
