\BOOKMARK [1][-]{section.0.1}{\376\377\000R\000y\000d\000e\000n\000\040\000-\000\040\000I\000n\000t\000r\000o\000d\000u\000c\000t\000i\000o\000n\000\040\000t\000o\000\040\000C\000o\000s\000m\000o\000l\000o\000g\000y\000,\000\040\0002\0000\0001\0006}{}% 1
\BOOKMARK [2][-]{subsection.0.1.1}{\376\377\000E\000x\000e\000r\000c\000i\000s\000e\000\040\0002\000.\0001}{section.0.1}% 2
\BOOKMARK [2][-]{subsection.0.1.2}{\376\377\000E\000x\000e\000r\000c\000i\000s\000e\000\040\0002\000.\0002}{section.0.1}% 3
\BOOKMARK [2][-]{subsection.0.1.3}{\376\377\000E\000x\000e\000r\000c\000i\000s\000e\000\040\0002\000.\0003}{section.0.1}% 4
\BOOKMARK [2][-]{subsection.0.1.4}{\376\377\000E\000x\000e\000r\000c\000i\000s\000e\000\040\0002\000.\0004}{section.0.1}% 5
\BOOKMARK [2][-]{subsection.0.1.5}{\376\377\000E\000x\000e\000r\000c\000i\000s\000e\000\040\0002\000.\0005}{section.0.1}% 6
\BOOKMARK [2][-]{subsection.0.1.6}{\376\377\000E\000x\000e\000r\000c\000i\000s\000e\000\040\0002\000.\0006}{section.0.1}% 7
\BOOKMARK [2][-]{subsection.0.1.7}{\376\377\000E\000x\000e\000r\000c\000i\000s\000e\000\040\0003\000.\0002}{section.0.1}% 8
\BOOKMARK [2][-]{subsection.0.1.8}{\376\377\000E\000x\000e\000r\000c\000i\000s\000e\000\040\0003\000.\0003}{section.0.1}% 9
\BOOKMARK [2][-]{subsection.0.1.9}{\376\377\000E\000x\000e\000r\000c\000i\000s\000e\000\040\0003\000.\0004}{section.0.1}% 10
\BOOKMARK [2][-]{subsection.0.1.10}{\376\377\000E\000x\000e\000r\000c\000i\000s\000e\000\040\0003\000.\0005}{section.0.1}% 11
\BOOKMARK [2][-]{subsection.0.1.11}{\376\377\000E\000x\000e\000r\000c\000i\000s\000e\000\040\0004\000.\0001}{section.0.1}% 12
\BOOKMARK [1][-]{section.0.2}{\376\377\000B\000o\000e\000r\000n\000e\000r\000\040\000-\000\040\000T\000h\000e\000\040\000E\000a\000r\000l\000y\000\040\000U\000n\000i\000v\000e\000r\000s\000e\000\040\000-\000\040\000F\000a\000c\000t\000s\000\040\000a\000n\000d\000\040\000F\000i\000c\000t\000i\000o\000n\000\040\000\050\0004\000t\000h\000\040\000e\000d\000i\000t\000i\000o\000n\000\051}{}% 13
\BOOKMARK [2][-]{subsection.0.2.1}{\376\377\0001\000.\0001\000\040\000F\000r\000i\000e\000d\000m\000a\000n\000\040\000e\000q\000u\000a\000t\000i\000o\000n\000s}{section.0.2}% 14
\BOOKMARK [1][-]{section.0.3}{\376\377\000B\000a\000u\000m\000a\000n\000n\000\040\000-\000\040\000C\000o\000s\000m\000o\000l\000o\000g\000y\000\040\000\050\0001\000n\000d\000\040\000e\000d\000i\000t\000i\000o\000n\000\051}{}% 15
\BOOKMARK [2][-]{subsection.0.3.1}{\376\377\000P\000r\000o\000b\000l\000e\000m\000\040\0001\000.\0001\000\040\000L\000e\000n\000g\000t\000h\000\040\000s\000c\000a\000l\000e\000s}{section.0.3}% 16
\BOOKMARK [2][-]{subsection.0.3.2}{\376\377\000P\000r\000o\000b\000l\000e\000m\000\040\0001\000.\0002\000\040\000H\000u\000b\000b\000l\000e\000\040\000c\000o\000n\000s\000t\000a\000n\000t}{section.0.3}% 17
\BOOKMARK [2][-]{subsection.0.3.3}{\376\377\000E\000x\000e\000r\000c\000i\000s\000e\000\040\0002\000.\0001}{section.0.3}% 18
\BOOKMARK [2][-]{subsection.0.3.4}{\376\377\000E\000x\000e\000r\000c\000i\000s\000e\000\040\0002\000.\0002}{section.0.3}% 19
\BOOKMARK [2][-]{subsection.0.3.5}{\376\377\000E\000x\000e\000r\000c\000i\000s\000e\000\040\0002\000.\0003}{section.0.3}% 20
\BOOKMARK [2][-]{subsection.0.3.6}{\376\377\000E\000x\000e\000r\000c\000i\000s\000e\000\040\0002\000.\0004}{section.0.3}% 21
\BOOKMARK [2][-]{subsection.0.3.7}{\376\377\000P\000r\000o\000b\000l\000e\000m\000\040\0002\000.\0001\000\040\000-\000\040\000R\000o\000b\000e\000r\000t\000s\000o\000n\000-\000W\000a\000l\000k\000e\000r\000\040\000m\000e\000t\000r\000i\000c}{section.0.3}% 22
\BOOKMARK [2][-]{subsection.0.3.8}{\376\377\000P\000r\000o\000b\000l\000e\000m\000\040\0002\000.\0002\000\040\000-\000\040\000G\000e\000o\000d\000e\000s\000i\000c\000s\000\040\000f\000r\000o\000m\000\040\000a\000\040\000s\000i\000m\000p\000l\000e\000\040\000L\000a\000g\000r\000a\000n\000g\000i\000a\000n}{section.0.3}% 23
\BOOKMARK [2][-]{subsection.0.3.9}{\376\377\000P\000r\000o\000b\000l\000e\000m\000\040\0002\000.\0003\000\040\000-\000\040\000C\000h\000r\000i\000s\000t\000o\000f\000f\000e\000l\000\040\000s\000y\000m\000b\000o\000l\000s\000\040\000f\000r\000o\000m\000\040\000a\000\040\000L\000a\000g\000r\000a\000n\000g\000i\000a\000n}{section.0.3}% 24
\BOOKMARK [2][-]{subsection.0.3.10}{\376\377\000P\000r\000o\000b\000l\000e\000m\000\040\0002\000.\0004\000\040\000-\000\040\000G\000e\000o\000d\000e\000s\000i\000c\000s\000\040\000i\000n\000\040\000d\000e\000\040\000S\000i\000t\000t\000e\000r}{section.0.3}% 25
\BOOKMARK [2][-]{subsection.0.3.11}{\376\377\000P\000r\000o\000b\000l\000e\000m\000\040\0002\000.\0005\000\040\000-\000\040\000D\000i\000s\000t\000a\000n\000c\000e\000s}{section.0.3}% 26
\BOOKMARK [2][-]{subsection.0.3.12}{\376\377\000P\000r\000o\000b\000l\000e\000m\000\040\0002\000.\0006\000\040\000-\000\040\000F\000r\000i\000e\000d\000m\000a\000n\000n\000\040\000u\000n\000i\000v\000e\000r\000s\000e\000s}{section.0.3}% 27
\BOOKMARK [2][-]{subsection.0.3.13}{\376\377\000P\000r\000o\000b\000l\000e\000m\000\040\0002\000.\0007\000\040\000-\000\040\000E\000i\000n\000s\000t\000e\000i\000n\000s\000\040\000b\000i\000g\000g\000e\000s\000t\000\040\000b\000l\000u\000n\000d\000e\000r}{section.0.3}% 28
\BOOKMARK [2][-]{subsection.0.3.14}{\376\377\000P\000r\000o\000b\000l\000e\000m\000\040\0002\000.\0008\000\040\000-\000\040\000T\000h\000e\000\040\000a\000c\000c\000e\000l\000e\000r\000a\000t\000i\000n\000g\000\040\000u\000n\000i\000v\000e\000r\000s\000e}{section.0.3}% 29
\BOOKMARK [2][-]{subsection.0.3.15}{\376\377\000P\000r\000o\000b\000l\000e\000m\000\040\0002\000.\0009\000\040\000-\000\040\000P\000h\000a\000n\000t\000o\000m\000\040\000D\000a\000r\000k\000\040\000e\000n\000e\000r\000g\000y}{section.0.3}% 30
\BOOKMARK [2][-]{subsection.0.3.16}{\376\377\000E\000x\000e\000r\000c\000i\000s\000e\000\040\0003\000.\0001}{section.0.3}% 31
\BOOKMARK [1][-]{section.0.4}{\376\377\000D\000o\000d\000e\000l\000s\000o\000n\000,\000\040\000S\000c\000h\000m\000i\000d\000t\000\040\000-\000\040\000C\000o\000s\000m\000o\000l\000o\000g\000y\000\040\000\050\0002\000n\000d\000\040\000e\000d\000i\000t\000i\000o\000n\000\051}{}% 32
\BOOKMARK [2][-]{subsection.0.4.1}{\376\377\0001\000.\0002}{section.0.4}% 33
\BOOKMARK [2][-]{subsection.0.4.2}{\376\377\0001\000.\0003\000\040\000L\000y\000m\000a\000n\000-\000\040\000s\000p\000l\000i\000t\000t\000i\000n\000g\000\040\000i\000n\000\040\000h\000y\000d\000r\000o\000g\000e\000n\000\040\000i\000s\000o\000t\000o\000p\000e\000s}{section.0.4}% 34
\BOOKMARK [2][-]{subsection.0.4.3}{\376\377\0001\000.\0004\000\040\000P\000l\000a\000n\000c\000k\000\040\000l\000a\000w\000\040\000f\000o\000r\000\040\000C\000M\000B}{section.0.4}% 35
\BOOKMARK [1][-]{section.0.5}{\376\377\000M\000u\000k\000h\000a\000n\000o\000v\000\040\000-\000\040\000P\000h\000y\000s\000i\000c\000a\000l\000\040\000f\000o\000u\000n\000d\000a\000t\000i\000o\000n\000s\000\040\000o\000f\000\040\000c\000o\000s\000m\000o\000l\000o\000g\000y\000,\000\040\0002\0000\0000\0005}{}% 36
