\BOOKMARK [1][-]{section.0.1}{\376\377\000F\000e\000y\000n\000m\000a\000n\000,\000\040\000H\000i\000b\000b\000s\000\040\000-\000\040\000Q\000u\000a\000n\000t\000u\000m\000\040\000m\000e\000c\000h\000a\000n\000i\000c\000s\000\040\000a\000n\000d\000\040\000p\000a\000t\000h\000\040\000i\000n\000t\000e\000g\000r\000a\000l\000s\000\040\0002\000e\000d}{}% 1
\BOOKMARK [2][-]{subsection.0.1.1}{\376\377\0002\000.\0001}{section.0.1}% 2
\BOOKMARK [2][-]{subsection.0.1.2}{\376\377\0002\000.\0002}{section.0.1}% 3
\BOOKMARK [2][-]{subsection.0.1.3}{\376\377\0002\000.\0003}{section.0.1}% 4
\BOOKMARK [1][-]{section.0.2}{\376\377\000S\000t\000r\000a\000u\000m\000a\000n\000n\000\040\000-\000\040\000Q\000u\000a\000n\000t\000e\000n\000m\000e\000c\000h\000a\000n\000i\000k\000\040\0002\000e\000d}{}% 5
\BOOKMARK [2][-]{subsection.0.2.1}{\376\377\0002\000.\0001\000\040\000-\000\040\000S\000p\000e\000c\000t\000r\000a\000l\000\040\000o\000s\000c\000i\000l\000l\000a\000t\000o\000r\000\040\000d\000e\000n\000s\000i\000t\000y}{section.0.2}% 6
\BOOKMARK [2][-]{subsection.0.2.2}{\376\377\0002\000.\0002\000\040\000-\000\040\000E\000n\000e\000r\000g\000y\000\040\000v\000a\000r\000i\000a\000n\000c\000e\000\040\000o\000f\000\040\000t\000h\000e\000\040\000h\000a\000r\000m\000o\000n\000i\000c\000\040\000o\000s\000c\000i\000l\000l\000a\000t\000o\000r}{section.0.2}% 7
\BOOKMARK [2][-]{subsection.0.2.3}{\376\377\0003\000.\0006\000\040\000-\000\040\0001\000D\000\040\000m\000o\000l\000e\000c\000u\000l\000a\000r\000\040\000p\000o\000t\000e\000n\000t\000i\000a\000l}{section.0.2}% 8
\BOOKMARK [1][-]{section.0.3}{\376\377\000S\000c\000h\000w\000i\000n\000g\000e\000r\000\040\000-\000\040\000Q\000u\000a\000n\000t\000u\000m\000\040\000M\000e\000c\000h\000a\000n\000i\000c\000s\000\040\000S\000y\000m\000b\000o\000l\000i\000s\000m\000\040\000o\000f\000\040\000A\000t\000o\000m\000i\000c\000\040\000M\000e\000a\000s\000u\000r\000e\000m\000e\000n\000t\000s}{}% 9
\BOOKMARK [2][-]{subsection.0.3.1}{\376\377\0002\000.\0001}{section.0.3}% 10
\BOOKMARK [1][-]{section.0.4}{\376\377\000W\000e\000i\000n\000b\000e\000r\000g\000\040\000-\000\040\000Q\000u\000a\000n\000t\000u\000m\000\040\000M\000e\000c\000h\000a\000n\000i\000c\000s\000\040\0002\000n\000d\000\040\000e\000d\000i\000t\000i\000o\000n}{}% 11
\BOOKMARK [2][-]{subsection.0.4.1}{\376\377\0001\000.\0001}{section.0.4}% 12
\BOOKMARK [2][-]{subsection.0.4.2}{\376\377\0001\000.\0002}{section.0.4}% 13
\BOOKMARK [1][-]{section.0.5}{\376\377\000H\000a\000n\000n\000a\000b\000u\000s\000s\000\040\000-\000\040\000A\000n\000\040\000I\000n\000t\000r\000o\000d\000u\000c\000t\000i\000o\000n\000\040\000t\000o\000\040\000Q\000u\000a\000n\000t\000u\000m\000\040\000T\000h\000e\000o\000r\000y}{}% 14
\BOOKMARK [2][-]{subsection.0.5.1}{\376\377\000P\000r\000o\000b\000l\000e\000m\000\040\0001\0002\000.\0002\000\040\000-\000\040\000H\000a\000r\000m\000o\000n\000i\000c\000\040\000o\000s\000c\000i\000l\000l\000a\000t\000o\000r\000\040\000w\000i\000t\000h\000\040\000x\0004\000\040\000p\000e\000r\000t\000u\000r\000b\000a\000t\000i\000o\000n}{section.0.5}% 15
\BOOKMARK [2][-]{subsection.0.5.2}{\376\377\000P\000r\000o\000b\000l\000e\000m\000\040\0001\0002\000.\0003\000\040\000-\000\040\000H\000a\000r\000m\000o\000n\000i\000c\000\040\000o\000s\000c\000i\000l\000l\000a\000t\000o\000r\000\040\000w\000i\000t\000h\000\040\000o\000t\000h\000e\000r\000\040\000p\000e\000r\000t\000u\000r\000b\000a\000t\000i\000o\000n\000s}{section.0.5}% 16
\BOOKMARK [1][-]{section.0.6}{\376\377\000S\000c\000h\000w\000a\000b\000l\000\040\000-\000\040\000Q\000u\000a\000n\000t\000u\000m\000\040\000M\000e\000c\000h\000a\000n\000i\000c\000s\000\040\0004\000t\000h\000\040\000e\000d}{}% 17
\BOOKMARK [2][-]{subsection.0.6.1}{\376\377\000P\000r\000o\000b\000l\000e\000m\000\040\0001\0007\000.\0001\000\040\000-\000\040\0003\000d\000\040\000H\000a\000r\000m\000o\000n\000i\000c\000\040\000o\000s\000c\000i\000l\000l\000a\000t\000o\000r}{section.0.6}% 18
\BOOKMARK [2][-]{subsection.0.6.2}{\376\377\000P\000r\000o\000b\000l\000e\000m\000\040\0001\0007\000.\0002\000\040\000-\000\040\000D\000e\000l\000t\000a\000-\000s\000h\000e\000l\000l\000\040\000p\000o\000t\000e\000n\000t\000i\000a\000l}{section.0.6}% 19
\BOOKMARK [1][-]{section.0.7}{\376\377\000S\000h\000a\000n\000k\000a\000r\000\040\000-\000\040\000M\000o\000d\000e\000r\000n\000\040\000Q\000u\000a\000n\000t\000u\000m\000\040\000M\000e\000c\000h\000a\000n\000i\000c\000s\000\040\0003\000r\000d\000\040\000e\000d}{}% 20
\BOOKMARK [2][-]{subsection.0.7.1}{\376\377\0001\0003\000.\0003\000.\0001\000\040\000P\000i\000o\000n\000\040\000r\000e\000s\000t\000\040\000e\000n\000e\000r\000g\000y}{section.0.7}% 21
\BOOKMARK [2][-]{subsection.0.7.2}{\376\377\0001\0003\000.\0003\000.\0002\000\040\000d\000e\000\040\000B\000r\000o\000g\000l\000i\000e\000\040\000w\000a\000v\000e\000l\000e\000n\000g\000t\000h}{section.0.7}% 22
\BOOKMARK [2][-]{subsection.0.7.3}{\376\377\0001\0003\000.\0003\000.\0003\000\040\000B\000a\000l\000m\000e\000r\000\040\000a\000n\000d\000\040\000L\000y\000m\000a\000n\000\040\000l\000i\000n\000e\000s\000\040\000i\000n\000\040\000s\000u\000n\000\040\000s\000p\000e\000c\000t\000r\000u\000m}{section.0.7}% 23
\BOOKMARK [2][-]{subsection.0.7.4}{\376\377\0001\0003\000.\0003\000.\0004\000\040\000E\000n\000e\000r\000g\000y\000\040\000l\000e\000v\000e\000l\000s\000\040\000o\000f\000\040\000m\000u\000l\000t\000i\000-\000e\000l\000e\000c\000t\000r\000o\000n\000\040\000a\000t\000o\000m\000s\000\040\000-\000\040\000N\000O\000T\000\040\000D\000O\000N\000E\000\040\000Y\000E\000T}{section.0.7}% 24
\BOOKMARK [1][-]{section.0.8}{\376\377\000Z\000e\000t\000t\000i\000l\000i\000\040\000-\000\040\000Q\000u\000a\000n\000t\000u\000m\000\040\000M\000e\000c\000h\000a\000n\000i\000c\000s\000\040\000-\000\040\000C\000o\000n\000c\000e\000p\000t\000s\000\040\000a\000n\000d\000\040\000A\000p\000p\000l\000i\000c\000a\000t\000i\000o\000n\000s\000\040\0002\000n\000d\000\040\000e\000d}{}% 25
\BOOKMARK [1][-]{section.0.9}{\376\377\000B\000a\000n\000k\000s\000\040\000-\000\040\000Q\000u\000a\000n\000t\000u\000m\000\040\000M\000e\000c\000h\000a\000n\000i\000c\000s}{}% 26
\BOOKMARK [2][-]{subsection.0.9.1}{\376\377\000E\000x\000e\000r\000c\000i\000s\000e\000\040\0001\0003\000.\0001\000\040\000-\000\040\000C\000u\000b\000i\000c\000\040\000a\000n\000d\000\040\000Q\000u\000a\000r\000t\000i\000c\000\040\000p\000e\000r\000t\000u\000r\000b\000e\000d\000\040\000h\000a\000r\000m\000o\000n\000i\000c\000\040\000o\000s\000c\000i\000l\000l\000a\000t\000o\000r}{section.0.9}% 27
\BOOKMARK [2][-]{subsection.0.9.2}{\376\377\000E\000x\000e\000r\000c\000i\000s\000e\000\040\0001\0003\000.\0002\000\040\000-\000\040\000Q\000u\000a\000r\000t\000i\000c\000\040\000p\000e\000r\000t\000u\000r\000b\000e\000d\000\040\000h\000a\000r\000m\000o\000n\000i\000c\000\040\000o\000s\000c\000i\000l\000l\000a\000t\000o\000r}{section.0.9}% 28
\BOOKMARK [2][-]{subsection.0.9.3}{\376\377\000E\000x\000e\000r\000c\000i\000s\000e\000\040\0001\0003\000.\0003\000\040\000-\000\040\000N\000o\000r\000m\000a\000l\000\040\000m\000a\000t\000r\000i\000x}{section.0.9}% 29
\BOOKMARK [1][-]{section.0.10}{\376\377\000S\000a\000k\000u\000r\000a\000i\000,\000\040\000N\000a\000p\000o\000l\000i\000t\000a\000n\000o\000\040\000-\000\040\000M\000o\000d\000e\000r\000n\000\040\000Q\000u\000a\000n\000t\000u\000m\000\040\000M\000e\000c\000h\000a\000n\000i\000c\000s\000\040\0003\000r\000d\000\040\000e\000d}{}% 30
\BOOKMARK [2][-]{subsection.0.10.1}{\376\377\0005\000.\0001\000\040\000-\000\040\000H\000a\000r\000m\000o\000n\000i\000c\000\040\000o\000s\000c\000i\000l\000l\000a\000t\000o\000r\000\040\000w\000i\000t\000h\000\040\000l\000i\000n\000e\000a\000r\000\040\000p\000e\000r\000t\000u\000r\000b\000a\000t\000i\000o\000n}{section.0.10}% 31
\BOOKMARK [2][-]{subsection.0.10.2}{\376\377\0005\000.\0002\000\040\000-\000\040\000P\000o\000t\000e\000n\000t\000i\000a\000l\000\040\000w\000e\000l\000l\000\040\000w\000i\000t\000h\000\040\000l\000i\000n\000e\000a\000r\000\040\000s\000l\000o\000p\000e}{section.0.10}% 32
\BOOKMARK [2][-]{subsection.0.10.3}{\376\377\0005\000.\0003\000\040\000-\000\040\000R\000e\000l\000a\000t\000i\000v\000i\000s\000t\000i\000c\000\040\000p\000e\000r\000t\000u\000r\000b\000a\000t\000i\000o\000n}{section.0.10}% 33
\BOOKMARK [2][-]{subsection.0.10.4}{\376\377\0005\000.\0004\000\040\000-\000\040\000D\000i\000a\000t\000o\000m\000i\000c\000\040\000a\000t\000o\000m\000i\000c\000\040\000r\000o\000t\000o\000r\000\040\000-\000\040\000N\000O\000T\000\040\000D\000O\000N\000E\000\040\000Y\000E\000T}{section.0.10}% 34
\BOOKMARK [2][-]{subsection.0.10.5}{\376\377\0005\000.\0006\000\040\000-\000\040\000T\000w\000o\000\040\000d\000i\000m\000e\000n\000s\000i\000o\000n\000a\000l\000\040\000p\000o\000t\000e\000n\000t\000i\000a\000l\000\040\000w\000e\000l\000l}{section.0.10}% 35
\BOOKMARK [2][-]{subsection.0.10.6}{\376\377\0005\000.\0008\000\040\000-\000\040\000Q\000u\000a\000d\000r\000a\000t\000i\000c\000a\000l\000l\000y\000\040\000p\000e\000r\000t\000u\000r\000b\000e\000d\000\040\000h\000a\000r\000m\000o\000n\000i\000c\000\040\000o\000s\000c\000i\000l\000l\000a\000t\000o\000r}{section.0.10}% 36
\BOOKMARK [2][-]{subsection.0.10.7}{\376\377\0005\000.\0001\0003\000\040\000-\000\040\000T\000w\000o\000-\000d\000i\000m\000e\000n\000s\000i\000o\000n\000a\000l\000\040\000i\000n\000f\000i\000n\000i\000t\000e\000\040\000s\000q\000u\000a\000r\000e\000\040\000w\000e\000l\000l\000\040\000-\000\040\000N\000O\000T\000\040\000D\000O\000N\000E\000\040\000Y\000E\000T}{section.0.10}% 37
\BOOKMARK [2][-]{subsection.0.10.8}{\376\377\0005\000.\0004\0002\000\040\000-\000\040\000T\000r\000i\000t\000o\000n\000\040\000b\000e\000t\000a\000\040\000d\000e\000c\000a\000y\000\040\000-\000\040\000N\000O\000T\000\040\000D\000O\000N\000E\000\040\000Y\000E\000T}{section.0.10}% 38
\BOOKMARK [2][-]{subsection.0.10.9}{\376\377\0008\000.\0001\000\040\000-\000\040\000N\000a\000t\000u\000r\000a\000l\000\040\000u\000n\000i\000t\000s}{section.0.10}% 39
\BOOKMARK [2][-]{subsection.0.10.10}{\376\377\0008\000.\0002\000\040\000-\000\040\000M\000i\000n\000k\000o\000w\000s\000k\000i\000\040\000M\000e\000t\000r\000i\000c}{section.0.10}% 40
\BOOKMARK [1][-]{section.0.11}{\376\377\000B\000e\000t\000h\000e\000,\000\040\000J\000a\000c\000k\000i\000w\000\040\000-\000\040\000I\000n\000t\000e\000r\000m\000e\000d\000i\000a\000t\000e\000\040\000Q\000u\000a\000n\000t\000u\000m\000\040\000M\000e\000c\000h\000a\000n\000i\000c\000s}{}% 41
\BOOKMARK [2][-]{subsection.0.11.1}{\376\377\0001\000.\0001\000\040\000-\000\040\000A\000t\000o\000m\000i\000c\000\040\000u\000n\000i\000t\000s}{section.0.11}% 42
\BOOKMARK [2][-]{subsection.0.11.2}{\376\377\0001\000.\0007\000\040\000-\000\040\000H\000y\000d\000r\000o\000g\000e\000n\000\040\000a\000t\000o\000m\000\040\000w\000i\000t\000h\000\040\000f\000i\000n\000i\000t\000e\000\040\000n\000u\000c\000l\000e\000u\000s}{section.0.11}% 43
\BOOKMARK [2][-]{subsection.0.11.3}{\376\377\0001\000.\0009\000\040\000-\000\040\000E\000x\000p\000o\000n\000e\000n\000t\000i\000a\000l\000\040\000p\000o\000t\000e\000n\000t\000i\000a\000l}{section.0.11}% 44
\BOOKMARK [1][-]{section.0.12}{\376\377\000G\000o\000t\000t\000f\000r\000i\000e\000d\000,\000\040\000T\000u\000n\000g\000\040\000-\000\040\000Q\000u\000a\000n\000t\000u\000m\000\040\000M\000e\000c\000h\000a\000n\000i\000c\000s\000:\000\040\000F\000u\000n\000d\000a\000m\000e\000n\000t\000a\000l\000s\000,\000\040\0002\000n\000d\000\040\000e\000d}{}% 45
\BOOKMARK [1][-]{section.0.13}{\376\377\000M\000e\000r\000z\000b\000a\000c\000h\000e\000r\000\040\000-\000\040\000Q\000u\000a\000n\000t\000u\000m\000\040\000M\000e\000c\000h\000a\000n\000i\000c\000s\000,\000\040\0003\000r\000d\000\040\000e\000d}{}% 46
\BOOKMARK [1][-]{section.0.14}{\376\377\000J\000a\000c\000k\000s\000o\000n\000\040\000-\000\040\000A\000\040\000C\000o\000u\000r\000s\000e\000\040\000i\000n\000\040\000Q\000u\000a\000n\000t\000u\000m\000\040\000M\000e\000c\000h\000a\000n\000i\000c\000s}{}% 47
\BOOKMARK [2][-]{subsection.0.14.1}{\376\377\0001\000.\0001\000\040\000L\000o\000r\000e\000n\000t\000z\000i\000a\000n\000\040\000w\000a\000v\000e\000\040\000p\000a\000c\000k\000a\000g\000e}{section.0.14}% 48
\BOOKMARK [2][-]{subsection.0.14.2}{\376\377\0001\000.\0002\000\040\0001\000D\000\040\000B\000o\000x\000\040\000w\000i\000t\000h\000\040\000v\000a\000n\000i\000s\000h\000i\000n\000g\000\040\000w\000a\000l\000l\000s}{section.0.14}% 49
\BOOKMARK [2][-]{subsection.0.14.3}{\376\377\0001\000.\0003\000\040\000P\000r\000o\000t\000o\000n\000i\000u\000m}{section.0.14}% 50
\BOOKMARK [2][-]{subsection.0.14.4}{\376\377\0002\000.\0005\000\040\000U\000n\000i\000t\000a\000r\000y\000\040\000o\000p\000e\000r\000a\000t\000o\000r\000s}{section.0.14}% 51
\BOOKMARK [1][-]{section.0.15}{\376\377\000B\000a\000s\000d\000e\000v\000a\000n\000t\000\040\000-\000\040\000T\000h\000e\000\040\000Q\000u\000a\000n\000t\000u\000m\000\040\000m\000a\000c\000h\000a\000n\000i\000c\000s\000\040\000s\000o\000l\000v\000e\000r\000\040\0003\000r\000d\000\040\000e\000d\000.}{}% 52
\BOOKMARK [2][-]{subsection.0.15.1}{\376\377\000E\000x\000e\000r\000c\000i\000s\000e\000\040\0008\000.\0001\000\040\000-\000\040\000N\000e\000u\000t\000r\000i\000n\000o\000\040\000O\000s\000c\000i\000l\000l\000a\000t\000i\000o\000n\000s\000\040\000i\000n\000\040\000V\000a\000c\000u\000u\000m\000\040\000-\000\040\000N\000O\000T\000\040\000D\000O\000N\000E\000\040\000Y\000E\000T}{section.0.15}% 53
