\BOOKMARK [1][-]{section.0.1}{\376\377\000G\000r\000a\000u\000\040\000-\000\040\000E\000l\000e\000k\000t\000r\000o\000d\000y\000n\000a\000m\000i\000k\000\040\000A\000u\000f\000g\000a\000b\000e\000n\000s\000a\000m\000m\000l\000u\000n\000g}{}% 1
\BOOKMARK [2][-]{subsection.0.1.1}{\376\377\000E\000x\000e\000r\000c\000i\000s\000e\000\040\0008\000.\0001\000\040\000-\000\040\000H\000e\000r\000t\000z\000s\000c\000h\000e\000r\000\040\000D\000i\000p\000o\000l\000\040\000-\000\040\000N\000O\000T\000\040\000D\000O\000N\000E\000\040\000Y\000E\000T}{section.0.1}% 2
\BOOKMARK [1][-]{section.0.2}{\376\377\000Z\000a\000n\000g\000w\000i\000l\000l\000\040\000-\000\040\000C\000l\000a\000s\000s\000i\000c\000a\000l\000\040\000E\000l\000e\000c\000t\000r\000o\000d\000y\000n\000a\000m\000i\000c\000s}{}% 3
\BOOKMARK [2][-]{subsection.0.2.1}{\376\377\000E\000x\000e\000r\000c\000i\000s\000e\000\040\0001\0000\000.\0001\000\040\000I\000n\000-\000P\000l\000a\000n\000e\000\040\000F\000i\000e\000l\000d\000\040\000o\000f\000\040\000a\000\040\000C\000u\000r\000r\000e\000n\000t\000\040\000S\000t\000r\000i\000p}{section.0.2}% 4
\BOOKMARK [1][-]{section.0.3}{\376\377\000S\000t\000r\000a\000t\000t\000o\000n\000\040\000-\000\040\000E\000l\000e\000c\000t\000r\000o\000d\000y\000n\000a\000m\000g\000n\000e\000t\000i\000c\000\040\000T\000h\000e\000o\000r\000y}{}% 5
\BOOKMARK [2][-]{subsection.0.3.1}{\376\377\000P\000r\000o\000b\000l\000e\000m\000\040\000I\000I\000I\000.\0001\000\040\000C\000o\000o\000d\000i\000n\000a\000t\000e\000\040\000t\000r\000a\000n\000s\000f\000o\000r\000m}{section.0.3}% 6
\BOOKMARK [1][-]{section.0.4}{\376\377\000J\000a\000c\000k\000s\000o\000n\000\040\000-\000\040\000C\000l\000a\000s\000s\000i\000c\000a\000l\000\040\000E\000l\000e\000c\000t\000r\000o\000d\000y\000n\000a\000m\000i\000c\000s}{}% 7
\BOOKMARK [2][-]{subsection.0.4.1}{\376\377\000E\000x\000e\000r\000c\000i\000s\000e\000\040\0001\000.\0003\000\040\000C\000h\000a\000r\000g\000e\000\040\000d\000e\000n\000s\000i\000t\000i\000e\000s\000\040\000a\000n\000d\000\040\000t\000h\000e\000\040\000D\000i\000r\000a\000c\000\040\000d\000e\000l\000t\000a\000\040\000f\000u\000n\000c\000t\000i\000o\000n}{section.0.4}% 8
\BOOKMARK [2][-]{subsection.0.4.2}{\376\377\000E\000x\000e\000r\000c\000i\000s\000e\000\040\0001\000.\0004\000\040\000C\000h\000a\000r\000g\000e\000d\000\040\000s\000p\000h\000e\000r\000e\000s}{section.0.4}% 9
\BOOKMARK [2][-]{subsection.0.4.3}{\376\377\000E\000x\000e\000r\000c\000i\000s\000e\000\040\0001\000.\0005\000\040\000C\000h\000a\000r\000g\000e\000\040\000d\000e\000n\000s\000i\000t\000y\000\040\000o\000f\000\040\000h\000y\000d\000r\000o\000g\000e\000n\000\040\000a\000t\000o\000m}{section.0.4}% 10
\BOOKMARK [2][-]{subsection.0.4.4}{\376\377\000E\000x\000e\000r\000c\000i\000s\000e\000\040\0001\000.\0006\000\040\000S\000i\000m\000p\000l\000e\000\040\000c\000a\000p\000a\000c\000i\000t\000o\000r\000s}{section.0.4}% 11
\BOOKMARK [2][-]{subsection.0.4.5}{\376\377\000E\000x\000e\000r\000c\000i\000s\000e\000\040\0001\000.\0007\000\040\000C\000a\000p\000a\000c\000i\000t\000y\000\040\000o\000f\000\040\000t\000w\000o\000\040\000p\000a\000r\000a\000l\000l\000e\000l\000\040\000c\000y\000l\000i\000n\000d\000e\000r\000s}{section.0.4}% 12
\BOOKMARK [2][-]{subsection.0.4.6}{\376\377\000E\000x\000e\000r\000c\000i\000s\000e\000\040\0001\000.\0008\000\040\000E\000n\000e\000r\000g\000y\000\040\000o\000f\000\040\000c\000a\000p\000a\000c\000i\000t\000o\000r\000s}{section.0.4}% 13
\BOOKMARK [2][-]{subsection.0.4.7}{\376\377\000E\000x\000e\000r\000c\000i\000s\000e\000\040\0005\000.\0001\000\040\000B\000i\000o\000t\040\023\000S\000a\000v\000a\000r\000t\000\040\000l\000a\000w\000\040\000N\000O\000T\000\040\000D\000O\000N\000E\000\040\000Y\000E\000T}{section.0.4}% 14
\BOOKMARK [2][-]{subsection.0.4.8}{\376\377\000E\000x\000e\000r\000c\000i\000s\000e\000\040\0009\000.\0001\000\040\000R\000o\000t\000a\000t\000i\000n\000g\000\040\000c\000h\000a\000r\000g\000e\000\040\000a\000n\000d\000\040\000c\000u\000r\000r\000e\000n\000t\000\040\000d\000e\000n\000s\000i\000t\000i\000e\000s\000\040\000-\000\040\000N\000O\000T\000\040\000D\000O\000N\000E\000\040\000Y\000E\000T}{section.0.4}% 15
\BOOKMARK [2][-]{subsection.0.4.9}{\376\377\000E\000x\000e\000r\000c\000i\000s\000e\000\040\0009\000.\0002\000\040\000R\000o\000t\000a\000t\000i\000n\000g\000\040\000q\000u\000a\000d\000r\000u\000p\000o\000l\000e\000\040\000-\000\040\000N\000O\000T\000\040\000D\000O\000N\000E\000\040\000Y\000E\000T}{section.0.4}% 16
\BOOKMARK [2][-]{subsection.0.4.10}{\376\377\000E\000x\000e\000r\000c\000i\000s\000e\000\040\0001\0002\000.\0001\000\040\000L\000a\000g\000r\000a\000n\000g\000i\000a\000n\000\040\000o\000f\000\040\000p\000o\000i\000n\000t\000\040\000c\000h\000a\000r\000g\000e}{section.0.4}% 17
\BOOKMARK [1][-]{section.0.5}{\376\377\000S\000c\000h\000w\000i\000n\000g\000e\000r\000\040\000-\000\040\000C\000l\000a\000s\000s\000i\000c\000a\000l\000\040\000E\000l\000e\000c\000t\000r\000o\000d\000y\000n\000a\000m\000i\000c\000s}{}% 18
\BOOKMARK [2][-]{subsection.0.5.1}{\376\377\000E\000x\000e\000r\000c\000i\000s\000e\000\040\0009\000.\0001\000\040\000L\000a\000g\000r\000a\000n\000g\000i\000a\000n\000\040\000o\000f\000\040\000a\000\040\000p\000a\000r\000t\000i\000c\000l\000e\000\040\000i\000n\000\040\000a\000n\000\040\000e\000l\000e\000c\000t\000r\000o\000m\000a\000g\000n\000e\000t\000i\000c\000\040\000f\000i\000e\000l\000d}{section.0.5}% 19
\BOOKMARK [2][-]{subsection.0.5.2}{\376\377\000E\000x\000e\000r\000c\000i\000s\000e\000\040\0003\0001\000.\0001\000\040\000P\000o\000t\000e\000n\000t\000i\000a\000l\000s\000\040\000o\000f\000\040\000m\000o\000v\000i\000n\000g\000\040\000p\000o\000i\000n\000t\000\040\000c\000h\000a\000r\000g\000e}{section.0.5}% 20
\BOOKMARK [2][-]{subsection.0.5.3}{\376\377\000E\000x\000e\000r\000c\000i\000s\000e\000\040\0003\0001\000.\0002\000\040\000F\000i\000e\000l\000d\000s\000\040\000o\000f\000\040\000m\000o\000v\000i\000n\000g\000\040\000p\000o\000i\000n\000t\000\040\000c\000h\000a\000r\000g\000e}{section.0.5}% 21
\BOOKMARK [2][-]{subsection.0.5.4}{\376\377\000E\000x\000e\000r\000c\000i\000s\000e\000\040\0003\0001\000.\0004\000\040\000W\000a\000v\000e\000\040\000e\000q\000u\000a\000t\000i\000o\000n\000\040\000f\000o\000r\000\040\000f\000i\000e\000l\000d\000s}{section.0.5}% 22
\BOOKMARK [2][-]{subsection.0.5.5}{\376\377\000E\000x\000e\000r\000c\000i\000s\000e\000\040\0003\0001\000.\0005\000\040\000L\000i\000e\000n\000a\000r\000d\000-\000W\000i\000e\000c\000h\000e\000r\000t\000\040\000p\000o\000t\000e\000n\000t\000i\000a\000l\000s}{section.0.5}% 23
\BOOKMARK [2][-]{subsection.0.5.6}{\376\377\000E\000x\000e\000r\000c\000i\000s\000e\000\040\0003\0008\000.\0001\000\040\000T\000o\000t\000a\000l\000\040\000r\000a\000d\000i\000a\000t\000e\000d\000\040\000p\000o\000w\000e\000r}{section.0.5}% 24
\BOOKMARK [1][-]{section.0.6}{\376\377\000W\000a\000l\000d\000\040\000-\000\040\000A\000d\000v\000a\000n\000c\000e\000d\000\040\000C\000l\000a\000s\000s\000i\000c\000a\000l\000\040\000E\000l\000e\000c\000t\000r\000o\000d\000y\000n\000a\000m\000i\000c\000s}{}% 25
\BOOKMARK [2][-]{subsection.0.6.1}{\376\377\000P\000r\000o\000b\000l\000e\000m\000\040\0002\000.\0003\000\040\000T\000h\000e\000\040\000p\000r\000o\000t\000o\000n\000\040\000a\000n\000d\000\040\000t\000h\000e\000\040\000h\000y\000d\000r\000o\000g\000e\000n\000\040\000a\000t\000o\000m}{section.0.6}% 26
\BOOKMARK [2][-]{subsection.0.6.2}{\376\377\000P\000r\000o\000b\000l\000e\000m\000\040\0002\000.\0004\000\040\000P\000o\000t\000e\000n\000t\000i\000a\000l\000\040\000f\000r\000o\000m\000\040\000o\000d\000d\000l\000y\000\040\000s\000h\000a\000p\000e\000d\000\040\000c\000h\000a\000r\000g\000e\000\040\000d\000i\000s\000t\000r\000i\000b\000u\000t\000i\000o\000n}{section.0.6}% 27
\BOOKMARK [2][-]{subsection.0.6.3}{\376\377\000E\000x\000e\000r\000c\000i\000s\000e\000\040\0005\000.\0001}{section.0.6}% 28
\BOOKMARK [1][-]{section.0.7}{\376\377\000S\000m\000y\000t\000h\000e\000\040\000-\000\040\000S\000t\000a\000t\000i\000c\000\040\000a\000n\000d\000\040\000D\000y\000n\000a\000m\000i\000c\000\040\000E\000l\000e\000c\000t\000r\000i\000c\000i\000t\000y}{}% 29
\BOOKMARK [2][-]{subsection.0.7.1}{\376\377\000E\000x\000e\000r\000c\000i\000s\000e\000\040\0001\000.\0001\000\040\000T\000w\000o\000\040\000c\000o\000a\000x\000i\000a\000l\000\040\000r\000i\000n\000g\000s\000\040\000a\000n\000d\000\040\000a\000\040\000p\000o\000i\000n\000t\000\040\000c\000h\000a\000r\000g\000e}{section.0.7}% 30
\BOOKMARK [2][-]{subsection.0.7.2}{\376\377\000E\000x\000e\000r\000c\000i\000s\000e\000\040\0001\000.\0003\000\040\000F\000l\000u\000x\000\040\000o\000f\000\040\000t\000w\000o\000\040\000p\000o\000i\000n\000t\000\040\000c\000h\000a\000r\000g\000e\000s\000\040\000t\000h\000r\000o\000u\000g\000h\000\040\000c\000i\000r\000c\000l\000e}{section.0.7}% 31
\BOOKMARK [2][-]{subsection.0.7.3}{\376\377\000E\000x\000e\000r\000c\000i\000s\000e\000\040\0001\000.\0004\000\040\000C\000o\000n\000c\000e\000n\000t\000r\000i\000c\000\040\000c\000h\000a\000r\000g\000e\000d\000\040\000r\000i\000n\000g\000s}{section.0.7}% 32
\BOOKMARK [2][-]{subsection.0.7.4}{\376\377\000E\000x\000e\000r\000c\000i\000s\000e\000\040\0001\000.\0001\0009\000C\000\040\000C\000h\000a\000r\000g\000e\000d\000\040\000d\000i\000s\000c}{section.0.7}% 33
\BOOKMARK [2][-]{subsection.0.7.5}{\376\377\000E\000x\000e\000r\000c\000i\000s\000e\000\040\0001\0002\000.\0001\000\040\000L\000i\000n\000e\000a\000r\000\040\000q\000u\000a\000d\000r\000u\000p\000o\000l\000e}{section.0.7}% 34
