\BOOKMARK [1][-]{section.0.1}{\376\377\000F\000e\000y\000n\000m\000a\000n\000\040\000-\000\040\000F\000e\000y\000n\000m\000a\000n\000\040\000L\000e\000c\000t\000u\000r\000e\000s\000\040\000o\000n\000\040\000P\000h\000y\000s\000i\000c\000s}{}% 1
\BOOKMARK [2][-]{subsection.0.1.1}{\376\377\000S\000e\000c\000t\000i\000o\000n\000\040\000G\0001\000-\0001\000\040\000-\000\040\0001\0009\0006\0001\000\040\000S\000e\000p\000\040\0002\0008\000\040\000\050\0001\000.\0001\0006\000\051}{section.0.1}% 2
\BOOKMARK [2][-]{subsection.0.1.2}{\376\377\000S\000e\000c\000t\000i\000o\000n\000\040\000G\0001\000-\0002\000\040\000-\000\040\0001\0009\0006\0001\000\040\000S\000e\000p\000\040\0002\0008\000\040\000\050\0001\000.\0001\0005\000\051}{section.0.1}% 3
\BOOKMARK [2][-]{subsection.0.1.3}{\376\377\000S\000e\000c\000t\000i\000o\000n\000\040\000G\000-\0001\000\040\000-\000\040\0001\0009\0006\0001\000\040\000O\000c\000t\000\040\0005\000\040\000\050\000?\000.\000?\000?\000\051}{section.0.1}% 4
\BOOKMARK [2][-]{subsection.0.1.4}{\376\377\000S\000e\000c\000t\000i\000o\000n\000\040\000G\000-\0002\000\040\000-\000\040\0001\0009\0006\0001\000\040\000O\000c\000t\000\040\0005\000\040\000\050\000?\000.\000?\000?\000\051}{section.0.1}% 5
\BOOKMARK [2][-]{subsection.0.1.5}{\376\377\000P\000r\000o\000b\000l\000e\000m\000\040\000S\000e\000t\000\040\0003\000-\0001\000\040\000-\000\040\0001\0009\0006\0001\000\040\000N\000o\000v\000\040\0000\0003\000\040\000\050\0003\000.\0001\0006\000\051}{section.0.1}% 6
\BOOKMARK [2][-]{subsection.0.1.6}{\376\377\000P\000r\000o\000b\000l\000e\000m\000\040\000S\000e\000t\000\040\0003\000-\0003\000\040\000-\000\040\0001\0009\0006\0001\000\040\000N\000o\000v\000\040\0000\0003\000\040\000\050\0003\000.\0001\0000\000\051}{section.0.1}% 7
\BOOKMARK [2][-]{subsection.0.1.7}{\376\377\000B\000o\000o\000k\000\040\000\050\0002\000.\0002\0002\000\051}{section.0.1}% 8
\BOOKMARK [2][-]{subsection.0.1.8}{\376\377\000P\000r\000o\000b\000l\000e\000m\000\040\000S\000e\000t\000\040\0003\000-\0004\000\040\000-\000\040\0001\0009\0006\0001\000\040\000N\000o\000v\000\040\0000\0003\000\040\000\050\000?\000.\000?\000?\000\051}{section.0.1}% 9
\BOOKMARK [2][-]{subsection.0.1.9}{\376\377\000P\000r\000o\000b\000l\000e\000m\000\040\000S\000e\000t\000\040\0001\000a\000\040\0004\000-\0001\000\040\000-\000\040\0001\0009\0006\0001\000\040\000N\000o\000v\000\040\0001\0000\000\040\000\050\0001\0001\000.\0001\0006\000\051}{section.0.1}% 10
\BOOKMARK [2][-]{subsection.0.1.10}{\376\377\000P\000r\000o\000b\000l\000e\000m\000\040\000S\000e\000t\000\040\0001\000a\000\040\0004\000-\0003\000\040\000-\000\040\0001\0009\0006\0001\000\040\000N\000o\000v\000\040\0001\0000\000\040\000\050\000?\000?\000.\000?\000?\000\051}{section.0.1}% 11
\BOOKMARK [2][-]{subsection.0.1.11}{\376\377\000P\000r\000o\000b\000l\000e\000m\000\040\000S\000e\000t\000\040\0001\000a\000\040\0004\000-\0006\000\040\000-\000\040\0001\0009\0006\0001\000\040\000N\000o\000v\000\040\0001\0000\000\040\000\050\000?\000?\000.\000?\000?\000\051}{section.0.1}% 12
\BOOKMARK [2][-]{subsection.0.1.12}{\376\377\000P\000r\000o\000b\000l\000e\000m\000\040\000S\000e\000t\000\040\0001\000a\000\040\0006\000-\0001\000\040\000-\000\040\0001\0009\0006\0001\000\040\000D\000e\000c\000\040\0000\0001\000\040\000\050\0001\0002\000.\0007\000\051}{section.0.1}% 13
\BOOKMARK [2][-]{subsection.0.1.13}{\376\377\000P\000r\000o\000b\000l\000e\000m\000\040\000S\000e\000t\000\040\0001\000a\000\040\0006\000-\0006\000\040\000-\000\040\0001\0009\0006\0001\000\040\000D\000e\000c\000\040\0000\0001\000\040\000\050\0001\0002\000.\0008\000\051}{section.0.1}% 14
\BOOKMARK [2][-]{subsection.0.1.14}{\376\377\000P\000r\000o\000b\000l\000e\000m\000\040\000S\000e\000t\000\040\0001\000b\000\040\0003\000-\0003\000\040\000-\000\040\0001\0009\0006\0002\000\040\000J\000a\000n\000\040\0001\0006\000\040\000\050\000?\000?\000.\000?\000?\000\051}{section.0.1}% 15
\BOOKMARK [2][-]{subsection.0.1.15}{\376\377\000P\000r\000o\000b\000l\000e\000m\000\040\000S\000e\000t\000\040\0001\000b\000\040\0008\000-\0001\000\040\000-\000\040\0001\0009\0006\0002\000\040\000N\000o\000v\000\040\0001\0009\000\040\000\050\0004\0008\000.\0003\000\051}{section.0.1}% 16
\BOOKMARK [2][-]{subsection.0.1.16}{\376\377\000P\000r\000o\000b\000l\000e\000m\000\040\000S\000e\000t\000\040\0001\000b\000\040\0008\000-\0004\000\040\000-\000\040\0001\0009\0006\0002\000\040\000N\000o\000v\000\040\0001\0009\000\040\000\050\0004\0009\000.\0002\000\051}{section.0.1}% 17
\BOOKMARK [2][-]{subsection.0.1.17}{\376\377\000P\000r\000o\000b\000l\000e\000m\000\040\000S\000e\000t\000\040\0001\000b\000\040\0001\0001\000-\0001\000\040\000-\000\040\0001\0009\0006\0002\000\040\000F\000e\000b\000\040\0001\0006\000\040\000\050\0002\0000\000.\0001\0001\000\051}{section.0.1}% 18
\BOOKMARK [2][-]{subsection.0.1.18}{\376\377\000B\000o\000o\000k\000\040\000\050\0002\0000\000.\0001\0004\000\051}{section.0.1}% 19
\BOOKMARK [2][-]{subsection.0.1.19}{\376\377\000B\000o\000o\000k\000\040\000\050\0002\0000\000.\0001\0006\000\051}{section.0.1}% 20
\BOOKMARK [2][-]{subsection.0.1.20}{\376\377\000P\000r\000o\000b\000l\000e\000m\000\040\000S\000e\000t\000\040\0001\000b\000\040\0001\0005\000-\0001\000\040\000-\000\040\0001\0009\0006\0002\000\040\000M\000a\000r\000c\000h\000\040\0006\000\040\000\050\0001\0009\000.\0003\0005\000\051}{section.0.1}% 21
\BOOKMARK [2][-]{subsection.0.1.21}{\376\377\000P\000r\000o\000b\000l\000e\000m\000\040\000S\000e\000t\000\040\0001\000b\000\040\0001\0005\000-\0002\000\040\000-\000\040\0001\0009\0006\0002\000\040\000M\000a\000r\000c\000h\000\040\0006\000\040\000\050\000?\000.\000?\000?\000\051}{section.0.1}% 22
\BOOKMARK [2][-]{subsection.0.1.22}{\376\377\000P\000r\000o\000b\000l\000e\000m\000\040\000S\000e\000t\000\040\0001\000c\000\040\0001\0003\000-\0001\000\040\000-\000\040\0001\0009\0006\0002\000\040\000M\000a\000y\000\040\0002\0005\000\040\000\050\000?\000.\000?\000?\000\051}{section.0.1}% 23
\BOOKMARK [2][-]{subsection.0.1.23}{\376\377\000P\000r\000o\000b\000l\000e\000m\000\040\000S\000e\000t\000\040\0001\000c\000\040\0001\0003\000-\0002\000\040\000-\000\040\0001\0009\0006\0002\000\040\000M\000a\000y\000\040\0002\0005\000\040\000\050\000?\000.\000?\000?\000\051}{section.0.1}% 24
\BOOKMARK [2][-]{subsection.0.1.24}{\376\377\000P\000r\000o\000b\000l\000e\000m\000\040\000S\000e\000t\000\040\0002\000a\000\040\0007\000-\0001\000\040\000-\000\040\0001\0009\0006\0002\000\040\000N\000o\000v\000\040\0001\0002\000\040\000\050\0004\0006\000.\0002\000\051}{section.0.1}% 25
\BOOKMARK [2][-]{subsection.0.1.25}{\376\377\000P\000r\000o\000b\000l\000e\000m\000\040\000S\000e\000t\000\040\0002\000a\000\040\0007\000-\0003\000\040\000-\000\040\0001\0009\0006\0002\000\040\000N\000o\000v\000\040\0001\0002\000\040\000\050\0004\0007\000.\0002\000\051}{section.0.1}% 26
\BOOKMARK [2][-]{subsection.0.1.26}{\376\377\000P\000r\000o\000b\000l\000e\000m\000\040\000S\000e\000t\000\040\0002\000b\000\040\0001\0009\000-\0001\000\040\000-\000\040\0001\0009\0006\0003\000\040\000M\000a\000r\000\040\0003\0005\000\040\000\050\000?\000?\000.\000?\000\051}{section.0.1}% 27
\BOOKMARK [1][-]{section.0.2}{\376\377\000G\000e\000r\000s\000h\000e\000n\000f\000e\000l\000d\000\040\000-\000\040\000T\000h\000e\000\040\000N\000a\000t\000u\000r\000e\000\040\000o\000f\000\040\000M\000a\000t\000h\000e\000m\000a\000t\000i\000c\000a\000l\000\040\000M\000o\000d\000e\000l\000l\000i\000n\000g}{}% 28
\BOOKMARK [2][-]{subsection.0.2.1}{\376\377\000P\000r\000o\000b\000l\000e\000m\000\040\0002\000.\0001}{section.0.2}% 29
\BOOKMARK [1][-]{section.0.3}{\376\377\000G\000e\000r\000s\000h\000e\000n\000f\000e\000l\000d\000\040\000-\000\040\000T\000h\000e\000\040\000P\000h\000y\000s\000i\000c\000s\000\040\000o\000f\000\040\000I\000n\000f\000o\000r\000m\000a\000t\000i\000o\000n\000\040\000T\000e\000c\000h\000n\000o\000l\000o\000g\000y}{}% 30
\BOOKMARK [2][-]{subsection.0.3.1}{\376\377\000P\000r\000o\000b\000l\000e\000m\000\040\0002\000.\0001}{section.0.3}% 31
\BOOKMARK [2][-]{subsection.0.3.2}{\376\377\000P\000r\000o\000b\000l\000e\000m\000\040\0002\000.\0002}{section.0.3}% 32
\BOOKMARK [1][-]{section.0.4}{\376\377\000W\000e\000i\000n\000b\000e\000r\000g\000\040\000-\000\040\000F\000o\000u\000n\000d\000a\000t\000i\000o\000n\000\040\000o\000f\000\040\000M\000o\000d\000e\000r\000n\000\040\000P\000h\000y\000s\000i\000c\000s}{}% 33
\BOOKMARK [2][-]{subsection.0.4.1}{\376\377\000P\000r\000o\000b\000l\000e\000m\000\040\0006\000\040\000-\000\040\000P\000o\000w\000e\000r\000\040\000o\000f\000\040\000C\000a\000r\000n\000o\000t\000\040\000A\000C}{section.0.4}% 34
\BOOKMARK [2][-]{subsection.0.4.2}{\376\377\000P\000r\000o\000b\000l\000e\000m\000\040\0007\000\040\000-\000\040\000E\000l\000e\000c\000t\000r\000o\000l\000y\000s\000i\000s\000\040\000o\000f\000\040\000w\000a\000t\000e\000r}{section.0.4}% 35
\BOOKMARK [1][-]{section.0.5}{\376\377\000T\000h\000o\000r\000n\000e\000,\000\040\000B\000l\000a\000n\000d\000f\000o\000r\000d\000\040\000-\000\040\000M\000o\000d\000e\000r\000n\000\040\000C\000l\000a\000s\000s\000i\000c\000a\000l\000\040\000P\000h\000y\000s\000i\000c\000s}{}% 36
\BOOKMARK [2][-]{subsection.0.5.1}{\376\377\000E\000x\000e\000r\000c\000i\000s\000e\000\040\0001\000.\0001\000\040\000P\000r\000a\000c\000t\000i\000c\000e\000:\000\040\000E\000n\000e\000r\000g\000y\000\040\000C\000h\000a\000n\000g\000e\000\040\000f\000o\000r\000\040\000C\000h\000a\000r\000g\000e\000d\000\040\000P\000a\000r\000t\000i\000c\000l\000e}{section.0.5}% 37
\BOOKMARK [2][-]{subsection.0.5.2}{\376\377\000E\000x\000e\000r\000c\000i\000s\000e\000\040\0001\000.\0002\000\040\000P\000r\000a\000c\000t\000i\000c\000e\000:\000\040\000P\000a\000r\000t\000i\000c\000l\000e\000\040\000M\000o\000v\000i\000n\000g\000\040\000i\000n\000\040\000a\000\040\000C\000i\000r\000c\000u\000l\000a\000r\000\040\000O\000r\000b\000i\000t}{section.0.5}% 38
\BOOKMARK [2][-]{subsection.0.5.3}{\376\377\000E\000x\000e\000r\000c\000i\000s\000e\000\040\0001\000.\0003\000\040\000D\000e\000r\000i\000v\000a\000t\000i\000o\000n\000:\000\040\000C\000o\000m\000p\000o\000n\000e\000n\000t\000\040\000M\000a\000n\000i\000p\000u\000l\000a\000t\000i\000o\000n\000\040\000R\000u\000l\000e\000s}{section.0.5}% 39
\BOOKMARK [2][-]{subsection.0.5.4}{\376\377\000E\000x\000e\000r\000c\000i\000s\000e\000\040\0001\000.\0004\000\040\000E\000x\000a\000m\000p\000l\000e\000\040\000a\000n\000d\000\040\000P\000r\000a\000c\000t\000i\000c\000e\000:\000\040\000N\000u\000m\000e\000r\000i\000c\000s\000\040\000o\000f\000\040\000C\000o\000m\000p\000o\000n\000e\000n\000t\000\040\000M\000a\000n\000i\000p\000u\000l\000a\000t\000i\000o\000n\000s}{section.0.5}% 40
\BOOKMARK [2][-]{subsection.0.5.5}{\376\377\000E\000x\000e\000r\000c\000i\000s\000e\000\040\0001\000.\0005\000\040\000P\000r\000a\000c\000t\000i\000c\000e\000:\000\040\000M\000e\000a\000n\000i\000n\000g\000\040\000o\000f\000\040\000S\000l\000o\000t\000-\000N\000a\000m\000i\000n\000g\000\040\000I\000n\000d\000e\000x\000\040\000N\000o\000t\000a\000t\000i\000o\000n}{section.0.5}% 41
\BOOKMARK [2][-]{subsection.0.5.6}{\376\377\000E\000x\000e\000r\000c\000i\000s\000e\000\040\0001\000.\0001\0005\000\040\000P\000r\000a\000c\000t\000i\000c\000e\000:\000\040\000G\000e\000o\000m\000e\000t\000r\000i\000z\000e\000d\000\040\000U\000n\000i\000t\000s}{section.0.5}% 42
\BOOKMARK [2][-]{subsection.0.5.7}{\376\377\000E\000x\000e\000r\000c\000i\000s\000e\000\040\0003\000.\0003\000\040\000P\000r\000a\000c\000t\000i\000c\000e\000\040\000a\000n\000d\000\040\000E\000x\000a\000m\000p\000l\000e\000:\000\040\000R\000e\000g\000i\000m\000e\000s\000\040\000o\000f\000\040\000P\000a\000r\000t\000i\000c\000u\000l\000a\000t\000e\000\040\000a\000n\000d\000\040\000W\000a\000v\000e\000\040\000-\000\040\000L\000i\000k\000e\000\040\000B\000e\000h\000a\000v\000i\000o\000r}{section.0.5}% 43
\BOOKMARK [2][-]{subsection.0.5.8}{\376\377\000E\000x\000e\000r\000c\000i\000s\000e\000\040\0004\000.\0001\000\040\000E\000x\000a\000m\000p\000l\000e\000:\000C\000a\000n\000o\000n\000i\000c\000a\000l\000\040\000T\000r\000a\000n\000s\000f\000o\000r\000m\000a\000t\000i\000o\000n}{section.0.5}% 44
\BOOKMARK [2][-]{subsection.0.5.9}{\376\377\000E\000x\000e\000r\000c\000i\000s\000e\000\040\0005\000.\0004\000\040\000E\000x\000a\000m\000p\000l\000e\000\040\000a\000n\000d\000\040\000D\000e\000r\000i\000v\000a\000t\000i\000o\000n\000:\000\040\000A\000d\000i\000a\000b\000a\000t\000i\000c\000\040\000I\000n\000d\000e\000x\000\040\000f\000o\000r\000\040\000I\000d\000e\000a\000l\000\040\000G\000a\000s}{section.0.5}% 45
\BOOKMARK [2][-]{subsection.0.5.10}{\376\377\000E\000x\000e\000r\000c\000i\000s\000e\000\040\0007\000.\0001\000\040\000P\000r\000a\000c\000t\000i\000c\000e\000:\000\040\000G\000r\000o\000u\000p\000\040\000a\000n\000d\000\040\000P\000h\000a\000s\000e\000\040\000V\000e\000l\000o\000c\000i\000t\000i\000e\000s}{section.0.5}% 46
\BOOKMARK [2][-]{subsection.0.5.11}{\376\377\000E\000x\000e\000r\000c\000i\000s\000e\000\040\0007\000.\0002\000\040\000E\000x\000a\000m\000p\000l\000e\000:\000\040\000G\000a\000u\000s\000s\000i\000a\000n\000\040\000W\000a\000v\000e\000\040\000P\000a\000c\000k\000e\000t\000\040\000a\000n\000d\000\040\000I\000t\000s\000\040\000D\000i\000s\000p\000e\000r\000s\000i\000o\000n}{section.0.5}% 47
\BOOKMARK [2][-]{subsection.0.5.12}{\376\377\000E\000x\000e\000r\000c\000i\000s\000e\000\040\0007\000.\0003\000\040\000D\000e\000r\000i\000v\000a\000t\000i\000o\000n\000\040\000a\000n\000d\000\040\000E\000x\000a\000m\000p\000l\000e\000:\000\040\000A\000m\000p\000l\000i\000t\000u\000d\000e\000\040\000P\000r\000o\000p\000a\000g\000a\000t\000i\000o\000n\000\040\000f\000o\000r\000\040\000D\000i\000s\000p\000e\000r\000s\000i\000o\000n\000l\000e\000s\000s\000\040\000W\000a\000v\000e\000s\000\040\000E\000x\000p\000r\000e\000s\000s\000e\000d\000\040\000a\000s\000\040\000C\000o\000n\000s\000t\000a\000n\000c\000y\000\040\000o\000f\000\040\000S\000o\000m\000e\000t\000h\000i\000n\000g\000\040\000a\000l\000o\000n\000g\000\040\000a\000\040\000R\000a\000y}{section.0.5}% 48
\BOOKMARK [2][-]{subsection.0.5.13}{\376\377\000E\000x\000e\000r\000c\000i\000s\000e\000\040\0007\000.\0004\000\040\000E\000x\000a\000m\000p\000l\000e\000:\000\040\000E\000n\000e\000r\000g\000y\000\040\000D\000e\000n\000s\000i\000t\000y\000\040\000a\000n\000d\000\040\000F\000l\000u\000x\000,\000\040\000a\000n\000d\000\040\000A\000d\000i\000a\000b\000a\000t\000i\000c\000\040\000I\000n\000v\000a\000r\000i\000a\000n\000t\000,\000\040\000o\000r\000\040\000a\000\040\000D\000i\000s\000p\000e\000r\000s\000i\000o\000n\000l\000e\000s\000s\000\040\000W\000a\000v\000e}{section.0.5}% 49
\BOOKMARK [2][-]{subsection.0.5.14}{\376\377\000E\000x\000e\000r\000c\000i\000s\000e\000\040\0008\000.\0001\000\040\000P\000r\000a\000c\000t\000i\000c\000e\000:\000\040\000C\000o\000n\000v\000o\000l\000u\000t\000i\000o\000n\000s\000\040\000a\000n\000d\000\040\000F\000o\000u\000r\000i\000e\000r\000\040\000T\000r\000a\000n\000s\000f\000o\000r\000m\000s}{section.0.5}% 50
\BOOKMARK [2][-]{subsection.0.5.15}{\376\377\000E\000x\000e\000r\000c\000i\000s\000e\000\040\0001\0001\000.\0009\000\040\000D\000e\000r\000i\000v\000a\000t\000i\000o\000n\000:\000\040\000S\000a\000g\000\040\000i\000n\000\040\000a\000\040\000C\000a\000n\000t\000i\000l\000e\000v\000e\000r}{section.0.5}% 51
\BOOKMARK [2][-]{subsection.0.5.16}{\376\377\000E\000x\000e\000r\000c\000i\000s\000e\000\040\0001\0003\000.\0001\000\040\000E\000x\000a\000m\000p\000l\000e\000:\000\040\000E\000a\000r\000t\000h\000'\000s\000\040\000A\000t\000m\000o\000s\000p\000h\000e\000r\000e}{section.0.5}% 52
\BOOKMARK [2][-]{subsection.0.5.17}{\376\377\000E\000x\000e\000r\000c\000i\000s\000e\000\040\0001\0003\000.\0002\000\040\000P\000r\000a\000c\000t\000i\000s\000e\000:\000\040\000W\000e\000i\000g\000h\000t\000\040\000i\000n\000\040\000V\000a\000c\000u\000u\000m}{section.0.5}% 53
\BOOKMARK [2][-]{subsection.0.5.18}{\376\377\000E\000x\000e\000r\000c\000i\000s\000e\000\040\0001\0003\000.\0004\000\040\000E\000x\000a\000m\000p\000l\000e\000:\000\040\000P\000o\000l\000y\000t\000r\000o\000p\000e\000s\000\040\040\024\000\040\000T\000h\000e\000\040\000P\000o\000w\000e\000r\000\040\000o\000f\000\040\000D\000i\000m\000e\000n\000s\000i\000o\000n\000l\000e\000s\000s\000\040\000V\000a\000r\000i\000a\000b\000l\000e\000s}{section.0.5}% 54
\BOOKMARK [2][-]{subsection.0.5.19}{\376\377\000E\000x\000e\000r\000c\000i\000s\000e\000\040\0001\0003\000.\0005\000\040\000E\000x\000a\000m\000p\000l\000e\000:\000\040\000S\000h\000a\000p\000e\000\040\000o\000f\000\040\000a\000\040\000C\000o\000n\000s\000t\000a\000n\000t\000-\000D\000e\000n\000s\000i\000t\000y\000,\000\040\000S\000p\000i\000n\000n\000i\000n\000g\000\040\000P\000l\000a\000n\000e\000t}{section.0.5}% 55
\BOOKMARK [2][-]{subsection.0.5.20}{\376\377\000E\000x\000e\000r\000c\000i\000s\000e\000\040\0001\0003\000.\0007\000\040\000P\000r\000o\000b\000l\000e\000m\000:\000\040\000A\000\040\000H\000o\000l\000e\000\040\000i\000n\000\040\000M\000y\000\040\000B\000u\000c\000k\000e\000t}{section.0.5}% 56
\BOOKMARK [2][-]{subsection.0.5.21}{\376\377\000E\000x\000e\000r\000c\000i\000s\000e\000\040\0001\0003\000.\0001\0001\000\040\000E\000x\000a\000m\000p\000l\000e\000:\000\040\000C\000o\000l\000l\000a\000p\000s\000e\000\040\000o\000f\000\040\000a\000\040\000B\000u\000b\000b\000l\000e\000\040\000-\000\040\000N\000O\000T\000\040\000D\000O\000N\000E\000\040\000Y\000E\000T}{section.0.5}% 57
\BOOKMARK [2][-]{subsection.0.5.22}{\376\377\000E\000x\000e\000r\000c\000i\000s\000e\000\040\0001\0004\000.\0001\000\040\000P\000r\000a\000c\000t\000i\000c\000e\000:\000\040\000C\000o\000n\000s\000t\000a\000n\000t\000-\000A\000n\000g\000u\000l\000a\000r\000-\000M\000o\000m\000e\000n\000t\000u\000m\000\040\000F\000l\000o\000w\000\040\000-\000\040\000R\000e\000l\000a\000t\000i\000v\000e\000\040\000M\000o\000t\000i\000o\000n\000\040\000o\000f\000\040\000F\000l\000u\000i\000d\000\040\000E\000l\000e\000m\000e\000n\000t\000s}{section.0.5}% 58
\BOOKMARK [2][-]{subsection.0.5.23}{\376\377\000E\000x\000e\000r\000c\000i\000s\000e\000\040\0001\0004\000.\0002\000\040\000P\000r\000a\000c\000t\000i\000c\000e\000:\000\040\000V\000o\000r\000t\000i\000c\000i\000t\000y\000\040\000a\000n\000d\000\040\000I\000n\000c\000o\000m\000p\000r\000e\000s\000s\000i\000b\000i\000l\000i\000t\000y}{section.0.5}% 59
\BOOKMARK [2][-]{subsection.0.5.24}{\376\377\000E\000x\000e\000r\000c\000i\000s\000e\000\040\0001\0006\000.\0009\000\040\000E\000x\000a\000m\000p\000l\000e\000:\000\040\000B\000r\000e\000a\000k\000i\000n\000g\000\040\000o\000f\000\040\000a\000\040\000D\000a\000m\000\040\000-\000\040\000N\000O\000T\000\040\000D\000O\000N\000E}{section.0.5}% 60
\BOOKMARK [1][-]{section.0.6}{\376\377\000D\000a\000v\000i\000d\000s\000o\000n\000\040\000-\000\040\000I\000n\000t\000r\000o\000d\000u\000c\000t\000i\000o\000n\000\040\000t\000o\000\040\000M\000a\000g\000n\000e\000t\000o\000h\000y\000d\000r\000o\000d\000y\000n\000a\000m\000i\000c\000s\000\040\0002\000n\000d\000\040\000e\000d}{}% 61
\BOOKMARK [2][-]{subsection.0.6.1}{\376\377\000P\000r\000o\000b\000l\000e\000m\000\040\0001\000.\0001\000\040\000-\000\040\000I\000n\000d\000u\000c\000t\000i\000o\000n\000\040\000i\000n\000\040\000m\000o\000v\000i\000n\000g\000\040\000l\000i\000n\000e\000a\000r\000\040\000c\000o\000n\000d\000u\000c\000t\000o\000r}{section.0.6}% 62
\BOOKMARK [2][-]{subsection.0.6.2}{\376\377\000P\000r\000o\000b\000l\000e\000m\000\040\0001\000.\0002\000\040\000-\000\040\000I\000n\000d\000u\000c\000t\000i\000o\000n\000\040\000i\000n\000\040\000a\000\040\000s\000l\000i\000d\000i\000n\000g\000\040\000c\000o\000n\000d\000u\000c\000t\000o\000r}{section.0.6}% 63
\BOOKMARK [1][-]{section.0.7}{\376\377\000W\000a\000l\000t\000e\000r\000\040\000-\000\040\000A\000s\000t\000r\000o\000n\000a\000u\000t\000i\000c\000s}{}% 64
\BOOKMARK [2][-]{subsection.0.7.1}{\376\377\000P\000r\000o\000b\000l\000e\000m\000\040\0001\000.\0001\000\040\000-\000\040\000B\000a\000l\000l\000o\000o\000n\000\040\000P\000r\000o\000p\000u\000l\000s\000i\000o\000n}{section.0.7}% 65
\BOOKMARK [2][-]{subsection.0.7.2}{\376\377\000P\000r\000o\000b\000l\000e\000m\000\040\0001\000.\0002\000\040\000-\000\040\000N\000o\000z\000z\000l\000e\000\040\000E\000x\000i\000t\000\040\000A\000r\000e\000a\000\040\000o\000f\000\040\000a\000n\000\040\000S\000S\000M\000E}{section.0.7}% 66
\BOOKMARK [2][-]{subsection.0.7.3}{\376\377\000P\000r\000o\000b\000l\000e\000m\000\040\0001\000.\0003\000\040\000-\000\040\000P\000r\000o\000o\000f\000\040\000o\000f\000\040\000L\000g\000\040}{section.0.7}% 67
\BOOKMARK [2][-]{subsection.0.7.4}{\376\377\000P\000r\000o\000b\000l\000e\000m\000\040\0004\000.\0001\000\040\000-\000\040\000G\000a\000s\000\040\000V\000e\000l\000o\000c\000i\000t\000y\000-\000P\000r\000e\000s\000s\000u\000r\000e\000\040\000R\000e\000l\000a\000t\000i\000o\000n\000\040\000i\000n\000\040\000a\000\040\000N\000o\000z\000z\000l\000e}{section.0.7}% 68
\BOOKMARK [2][-]{subsection.0.7.5}{\376\377\000P\000r\000o\000b\000l\000e\000m\000\040\0004\000.\0002\000\040\000-\000\040\000A\000p\000p\000r\000o\000x\000i\000m\000a\000t\000i\000o\000n\000\040\000o\000f\000\040\000t\000h\000e\000\040\000I\000n\000f\000i\000n\000i\000t\000e\000-\000E\000x\000p\000a\000n\000s\000i\000o\000n\000\040\000C\000o\000e\000f\000f\000i\000c\000i\000e\000n\000t}{section.0.7}% 69
\BOOKMARK [2][-]{subsection.0.7.6}{\376\377\000P\000r\000o\000b\000l\000e\000m\000\040\0007\000.\0001\000\040\000-\000\040\000S\000o\000l\000u\000t\000i\000o\000n\000s\000\040\000o\000f\000\040\000P\000o\000i\000s\000s\000o\000n\000'\000s\000\040\000E\000q\000u\000a\000t\000i\000o\000n}{section.0.7}% 70
\BOOKMARK [1][-]{section.0.8}{\376\377\000S\000u\000t\000t\000o\000n\000,\000\040\000B\000i\000b\000l\000a\000r\000z\000\040\000-\000\040\000R\000o\000c\000k\000e\000t\000\040\000P\000r\000o\000p\000u\000l\000s\000i\000o\000n\000\040\000E\000l\000e\000m\000e\000n\000t\000s}{}% 71
\BOOKMARK [2][-]{subsection.0.8.1}{\376\377\000P\000r\000o\000b\000l\000e\000m\000\040\0002\000.\0001}{section.0.8}% 72
\BOOKMARK [2][-]{subsection.0.8.2}{\376\377\000P\000r\000o\000b\000l\000e\000m\000\040\0002\000.\0002}{section.0.8}% 73
\BOOKMARK [1][-]{section.0.9}{\376\377\000S\000t\000r\000o\000g\000a\000t\000z\000\040\000-\000\040\000N\000o\000n\000l\000i\000n\000e\000a\000r\000\040\000D\000y\000n\000a\000m\000i\000c\000s\000\040\000a\000n\000d\000\040\000C\000h\000a\000o\000s}{}% 74
\BOOKMARK [1][-]{section.0.10}{\376\377\000W\000i\000t\000t\000e\000n\000\040\000-\000\040\000P\000h\000y\000s\000i\000c\000s\000\040\0005\0003\0009}{}% 75
\BOOKMARK [2][-]{subsection.0.10.1}{\376\377\000P\000r\000o\000b\000l\000e\000m\000\040\000S\000e\000t\000\040\0001\000\040\000-\000\040\000D\000u\000e\000\040\000S\000e\000p\000t\000e\000m\000b\000e\000r\000\040\0002\0001\000\040\000-\000\040\0003}{section.0.10}% 76
\BOOKMARK [1][-]{section.0.11}{\376\377\000P\000i\000e\000r\000r\000e\000h\000u\000m\000b\000e\000r\000t\000\040\000-\000\040\000P\000r\000i\000n\000c\000i\000p\000l\000e\000s\000\040\000o\000f\000\040\000P\000l\000a\000n\000e\000t\000a\000r\000y\000\040\000C\000l\000i\000m\000a\000t\000e}{}% 77
\BOOKMARK [2][-]{subsection.0.11.1}{\376\377\000P\000r\000o\000b\000l\000e\000m\000\040\0001\000.\0001\0000\000\040\000-\000\040\000E\000n\000e\000r\000g\000y\000\040\000o\000f\000\040\000a\000\040\000c\000o\000m\000e\000t}{section.0.11}% 78
\BOOKMARK [2][-]{subsection.0.11.2}{\376\377\000P\000r\000o\000b\000l\000e\000m\000\040\0001\000.\0001\0001\000\040\000-\000\040\000M\000a\000s\000s\000\040\000o\000f\000\040\000T\000i\000t\000a\000n}{section.0.11}% 79
\BOOKMARK [2][-]{subsection.0.11.3}{\376\377\000P\000r\000o\000b\000l\000e\000m\000\040\0001\000.\0001\0001\000\040\000-\000\040\000M\000o\000o\000n\000\040\000f\000a\000l\000l\000i\000n\000g\000\040\000o\000n\000t\000o\000\040\000e\000a\000r\000t\000h}{section.0.11}% 80
\BOOKMARK [2][-]{subsection.0.11.4}{\376\377\000P\000r\000o\000b\000l\000e\000m\000\040\0002\000.\0001\000\040\000-\000\040\000F\000o\000r\000c\000e\000\040\000o\000n\000\040\000p\000r\000e\000s\000s\000u\000r\000e\000d\000\040\000s\000p\000a\000c\000e\000s\000h\000i\000p\000\040}{section.0.11}% 81
\BOOKMARK [2][-]{subsection.0.11.5}{\376\377\000P\000r\000o\000b\000l\000e\000m\000\040\0002\000.\0002\000\040\000-\000\040\000H\000o\000l\000l\000o\000w\000\040\000m\000e\000t\000a\000l\000\040\000s\000p\000h\000e\000r\000e}{section.0.11}% 82
\BOOKMARK [2][-]{subsection.0.11.6}{\376\377\000P\000r\000o\000b\000l\000e\000m\000\040\0002\000.\0003\000\040\000-\000\040\000E\000a\000r\000t\000h\000s\000\040\000a\000t\000m\000o\000s\000p\000h\000e\000r\000e}{section.0.11}% 83
\BOOKMARK [2][-]{subsection.0.11.7}{\376\377\000P\000r\000o\000b\000l\000e\000m\000\040\0002\000.\0005\000\040\000-\000\040\000B\000i\000c\000y\000c\000l\000e\000\040\000t\000i\000r\000e}{section.0.11}% 84
\BOOKMARK [2][-]{subsection.0.11.8}{\376\377\000P\000r\000o\000b\000l\000e\000m\000\040\0002\000.\0006\000\040\000-\000\040\000D\000e\000n\000s\000i\000t\000y\000\040\000o\000f\000\040\000g\000a\000s\000e\000s\000\040\000o\000n\000\040\000p\000l\000a\000n\000e\000t\000s}{section.0.11}% 85
