\BOOKMARK [1][-]{section.1}{\376\377\000I\000n\000t\000r\000o\000\040\000t\000o\000\040\000L\000F\000T\000\040\040\023\000\040\000E\000x\000e\000r\000c\000i\000s\000e\000\040\000s\000h\000e\000e\000t\000\040\0002\000\040\000\050\0002\0000\0002\0005\000-\0000\0005\000-\0000\0008\000\051}{}% 1
\BOOKMARK [2][-]{subsection.1.1}{\376\377\000E\000x\000e\000r\000c\000i\000s\000e\000\040\0001\000\040\000-\000\040\000P\000a\000t\000h\000-\000o\000r\000d\000e\000r\000e\000d\000\040\000e\000x\000p\000o\000n\000e\000n\000t\000i\000a\000l}{section.1}% 2
\BOOKMARK [2][-]{subsection.1.2}{\376\377\000E\000x\000e\000r\000c\000i\000s\000e\000\040\0002\000\040\000-\000\040\000T\000e\000m\000p\000o\000r\000a\000l\000\040\000g\000a\000u\000g\000e}{section.1}% 3
\BOOKMARK [1][-]{section.2}{\376\377\000I\000n\000t\000r\000o\000\040\000t\000o\000\040\000L\000F\000T\000\040\040\023\000\040\000E\000x\000e\000r\000c\000i\000s\000e\000\040\000s\000h\000e\000e\000t\000\040\0001\000\040\000\050\0002\0000\0002\0005\000-\0000\0004\000-\0001\0005\000\051}{}% 4
\BOOKMARK [2][-]{subsection.2.1}{\376\377\000E\000x\000e\000r\000c\000i\000s\000e\000\040\0001\000\040\000-\000\040\000I\000n\000t\000e\000g\000r\000a\000t\000i\000o\000n\000\040\000o\000f\000\040\000s\000c\000a\000l\000a\000r\000\040\000f\000u\000n\000c\000t\000i\000o\000n\000\040\000o\000v\000e\000r\000\040\000m\000u\000l\000t\000i\000d\000i\000m\000e\000n\000s\000i\000o\000n\000a\000l\000\040\000v\000e\000c\000t\000o\000r\000\040\000s\000p\000a\000c\000e}{section.2}% 5
\BOOKMARK [2][-]{subsection.2.2}{\376\377\000E\000x\000e\000r\000c\000i\000s\000e\000\040\0002\000\040\000-\000\040\000M\000u\000l\000t\000i\000v\000a\000r\000i\000a\000t\000e\000\040\000G\000a\000u\000s\000s\000i\000a\000n\000\040\000i\000n\000t\000e\000g\000r\000a\000l\000\040\000w\000i\000t\000h\000\040\000a\000\040\000s\000o\000u\000r\000c\000e}{section.2}% 6
\BOOKMARK [2][-]{subsection.2.3}{\376\377\000E\000x\000e\000r\000c\000i\000s\000e\000\040\0003}{section.2}% 7
\BOOKMARK [1][-]{section.3}{\376\377\000O\000\050\0003\000\051\000\040\000n\000o\000n\000-\000l\000i\000n\000e\000a\000r\000\040\000s\000i\000g\000m\000a\000\040\000m\000o\000d\000e\000l\000\040\000i\000n\000\040\000t\000w\000o\000-\000d\000i\000m\000e\000n\000s\000i\000o\000n}{}% 8
\BOOKMARK [2][-]{subsection.3.1}{\376\377\000D\000i\000s\000c\000r\000e\000t\000i\000z\000a\000t\000i\000o\000n\000\040\000o\000f\000\040\000t\000h\000e\000\040\000f\000i\000e\000l\000d}{section.3}% 9
\BOOKMARK [2][-]{subsection.3.2}{\376\377\000R\000a\000n\000d\000o\000m\000\040\000f\000i\000e\000l\000d\000\040\000c\000o\000n\000f\000i\000g\000u\000r\000a\000t\000i\000o\000n\000\040\000a\000t\000\040\000l\000a\000t\000t\000i\000c\000e\000\040\000p\000o\000i\000n\000t}{section.3}% 10
\BOOKMARK [2][-]{subsection.3.3}{\376\377\000C\000o\000d\000e}{section.3}% 11
\BOOKMARK [2][-]{subsection.3.4}{\376\377\000F\000i\000r\000s\000t\000\040\000r\000e\000s\000u\000l\000t\000s}{section.3}% 12
\BOOKMARK [2][-]{subsection.3.5}{\376\377\000E\000x\000t\000r\000a\000c\000t\000\040\000m\000a\000s\000s\000\040\000g\000a\000p\000\040\000f\000r\000o\000m\000\040\000C\000\050\000r\000\051}{section.3}% 13
\BOOKMARK [1][-]{section.4}{\376\377\000L\000e\000c\000t\000u\000r\000e\000s}{}% 14
\BOOKMARK [2][-]{subsection.4.1}{\376\377\000W\000h\000a\000t\000\040\000i\000s\000\040\000l\000a\000t\000t\000i\000c\000e\000\040\000f\000i\000e\000l\000d\000\040\000t\000h\000e\000o\000r\000y\000\040\000a\000n\000d\000\040\000w\000h\000y\000\040\000i\000s\000\040\000i\000t\000\040\000i\000n\000t\000e\000r\000e\000s\000t\000i\000n\000g}{section.4}% 15
\BOOKMARK [2][-]{subsection.4.2}{\376\377\000W\000h\000a\000t\000\040\000d\000o\000e\000s\000\040\000i\000s\000\040\000m\000e\000a\000n\000\040\000t\000o\000\040\000r\000e\000g\000u\000l\000a\000r\000i\000z\000e\000\040\000Q\000F\000T\000\040\000o\000n\000\040\000a\000\040\000l\000a\000t\000t\000i\000c\000e\000?}{section.4}% 16
\BOOKMARK [3][-]{subsubsection.4.2.1}{\376\377\000E\000x\000a\000m\000p\000l\000e\000:\000\040\0004\000-\000t\000h\000e\000o\000r\000y\000\040\000-\000\040\000P\000a\000t\000h\000\040\000i\000n\000t\000e\000g\000r\000a\000l\000\040\000f\000o\000r\000m\000u\000l\000a\000t\000i\000o\000n}{subsection.4.2}% 17
\BOOKMARK [2][-]{subsection.4.3}{\376\377\000Q\000F\000T\000\040\000i\000s\000\040\000Q\000u\000a\000n\000t\000u\000m\000\040\000M\000e\000c\000h\000a\000n\000i\000c\000s\000\040\000f\000o\000r\000\040\000F\000i\000e\000l\000d\000s}{section.4}% 18
\BOOKMARK [3][-]{subsubsection.4.3.1}{\376\377\000Q\000u\000a\000n\000t\000u\000m\000\040\000M\000e\000c\000h\000a\000n\000i\000c\000s\000\040\000R\000e\000c\000a\000p}{subsection.4.3}% 19
\BOOKMARK [3][-]{subsubsection.4.3.2}{\376\377\000P\000a\000t\000h\000\040\000I\000n\000t\000e\000g\000r\000a\000l\000\040\000i\000n\000\040\000Q\000u\000a\000n\000t\000u\000m\000\040\000M\000e\000c\000h\000a\000n\000i\000c\000s}{subsection.4.3}% 20
\BOOKMARK [3][-]{subsubsection.4.3.3}{\376\377\0004\000-\000t\000h\000e\000o\000r\000y}{subsection.4.3}% 21
\BOOKMARK [3][-]{subsubsection.4.3.4}{\376\377\000T\000h\000e\000r\000m\000a\000l\000\040\000Q\000F\000T\000\040\000-\000\040\000Q\000F\000T\000\040\000i\000n\000\040\000t\000h\000e\000r\000m\000o\000d\000y\000n\000a\000m\000i\000c\000\040\000e\000q\000u\000i\000l\000i\000b\000r\000i\000u\000m}{subsection.4.3}% 22
\BOOKMARK [3][-]{subsubsection.4.3.5}{\376\377\000P\000a\000t\000h\000\040\000i\000n\000t\000e\000g\000r\000a\000l\000\040\000f\000o\000r\000m\000u\000l\000a\000\040\000f\000o\000r\000\040\000t\000h\000e\000r\000m\000a\000l\000\040\000p\000a\000r\000t\000i\000t\000i\000o\000n\000\040\000f\000u\000n\000c\000t\000i\000o\000n}{subsection.4.3}% 23
\BOOKMARK [3][-]{subsubsection.4.3.6}{\376\377\000T\000h\000e\000r\000m\000a\000l\000\040\000t\000i\000m\000e\000-\000o\000r\000d\000e\000r\000e\000d\000\040\000n\000-\000p\000o\000i\000n\000t\000\040\000f\000u\000n\000c\000t\000i\000o\000n}{subsection.4.3}% 24
\BOOKMARK [3][-]{subsubsection.4.3.7}{\376\377\000F\000r\000e\000e\000\040\000s\000c\000a\000l\000a\000r\000\040\000t\000h\000e\000o\000r\000y}{subsection.4.3}% 25
\BOOKMARK [2][-]{subsection.4.4}{\376\377\000S\000c\000a\000l\000a\000r\000\040\000Q\000E\000D}{section.4}% 26
